[ 2017-04-14T16:09:16+08:00 ] 127.0.0.1 /Home/Show/getHits.html?id=93
INFO: [ app_begin ] --START--
INFO: Run Behavior\ReadHtmlCacheBehavior [ RunTime:0.001000s ]
INFO: [ app_begin ] --END-- [ RunTime:0.001000s ]
SQL: SHOW COLUMNS FROM `cms_article` [ RunTime:0.0080s ]
SQL: UPDATE `cms_article` SET `hits`=hits+1 WHERE `id` = 93 [ RunTime:0.0000s ]
SQL: SELECT `hits` FROM `cms_article` WHERE `id` = 93 LIMIT 1   [ RunTime:0.0000s ]
INFO: [ app_end ] --START--
INFO: Run Behavior\ShowPageTraceBehavior [ RunTime:0.001000s ]
INFO: [ app_end ] --END-- [ RunTime:0.001000s ]

[ 2017-04-14T16:09:37+08:00 ] 127.0.0.1 /Home/Show/getHits.html?id=93
INFO: [ app_begin ] --START--
INFO: Run Behavior\ReadHtmlCacheBehavior [ RunTime:0.001000s ]
INFO: [ app_begin ] --END-- [ RunTime:0.002000s ]
SQL: SHOW COLUMNS FROM `cms_article` [ RunTime:0.0070s ]
SQL: UPDATE `cms_article` SET `hits`=hits+1 WHERE `id` = 93 [ RunTime:0.0000s ]
SQL: SELECT `hits` FROM `cms_article` WHERE `id` = 93 LIMIT 1   [ RunTime:0.0000s ]
INFO: [ app_end ] --START--
INFO: Run Behavior\ShowPageTraceBehavior [ RunTime:0.001000s ]
INFO: [ app_end ] --END-- [ RunTime:0.001000s ]

[ 2017-04-14T16:10:37+08:00 ] 127.0.0.1 /Home/Show/getHits.html?id=93
INFO: [ app_begin ] --START--
INFO: Run Behavior\ReadHtmlCacheBehavior [ RunTime:0.001001s ]
INFO: [ app_begin ] --END-- [ RunTime:0.001001s ]
SQL: SHOW COLUMNS FROM `cms_article` [ RunTime:0.0000s ]
SQL: UPDATE `cms_article` SET `hits`=hits+1 WHERE `id` = 93 [ RunTime:0.0000s ]
SQL: SELECT `hits` FROM `cms_article` WHERE `id` = 93 LIMIT 1   [ RunTime:0.0000s ]
INFO: [ app_end ] --START--
INFO: Run Behavior\ShowPageTraceBehavior [ RunTime:0.000000s ]
INFO: [ app_end ] --END-- [ RunTime:0.000000s ]

[ 2017-04-14T16:10:48+08:00 ] 127.0.0.1 /Home/Show/getHits.html?id=93
INFO: [ app_begin ] --START--
INFO: Run Behavior\ReadHtmlCacheBehavior [ RunTime:0.001000s ]
INFO: [ app_begin ] --END-- [ RunTime:0.002000s ]
SQL: SHOW COLUMNS FROM `cms_article` [ RunTime:0.0000s ]
SQL: UPDATE `cms_article` SET `hits`=hits+1 WHERE `id` = 93 [ RunTime:0.0000s ]
SQL: SELECT `hits` FROM `cms_article` WHERE `id` = 93 LIMIT 1   [ RunTime:0.0000s ]
INFO: [ app_end ] --START--
INFO: Run Behavior\ShowPageTraceBehavior [ RunTime:0.000000s ]
INFO: [ app_end ] --END-- [ RunTime:0.000000s ]

