[ 2017-03-11T11:52:58+08:00 ] 127.0.0.1 /index.php?m=Admin&c=Cache&a=index&time=0.6659977740510736
INFO: [ app_begin ] --START--
INFO: Run Behavior\ReadHtmlCacheBehavior [ RunTime:0.001000s ]
INFO: [ app_begin ] --END-- [ RunTime:0.001000s ]

[ 2017-03-11T11:54:42+08:00 ] 127.0.0.1 /index.php?m=Admin&c=Banner&a=index
ERR: 无法加载控制器:Banner

[ 2017-03-11T12:31:24+08:00 ] 127.0.0.1 /index.php?m=Admin&c=System&a=backup&action=backup
INFO: [ app_begin ] --START--
INFO: Run Behavior\ReadHtmlCacheBehavior [ RunTime:0.001000s ]
INFO: [ app_begin ] --END-- [ RunTime:0.001000s ]
NOTIC: [2] mkdir(): File exists E:\phpstudy\WWW\thinkphpcms\Application\Admin\Controller\SystemController.class.php 第 54 行.
NOTIC: [8192] mysql_connect(): The mysql extension is deprecated and will be removed in the future: use mysqli or PDO instead E:\phpstudy\WWW\thinkphpcms\ThinkPHP\Library\Org\Db\MySQLReback.class.php 第 20 行.
NOTIC: [8192] Function mysql_list_tables() is deprecated E:\phpstudy\WWW\thinkphpcms\ThinkPHP\Library\Org\Db\MySQLReback.class.php 第 125 行.

[ 2017-03-11T12:35:43+08:00 ] 127.0.0.1 /index.php?m=Admin&c=Login&a=index
INFO: [ app_begin ] --START--
INFO: Run Behavior\ReadHtmlCacheBehavior [ RunTime:0.001000s ]
INFO: [ app_begin ] --END-- [ RunTime:0.002000s ]
NOTIC: [2048] Declaration of Admin\Model\AdminModel::check() should be compatible with Think\Model::check($value, $rule, $type = 'regex') E:\phpstudy\WWW\thinkphpcms\Application\Admin\Model\AdminModel.class.php 第 5 行.
SQL: SHOW COLUMNS FROM `cms_admin` [ RunTime:0.0090s ]
NOTIC: [8] Use of undefined constant md5 - assumed 'md5' E:\phpstudy\WWW\thinkphpcms\Application\Admin\Model\AdminModel.class.php 第 20 行.
SQL: SELECT * FROM `cms_admin` WHERE `username` = 'admin' AND `password` = '21232f297a57a5a743894a0e4a801fc3' LIMIT 1   [ RunTime:0.0000s ]
SQL: UPDATE `cms_admin` SET `username`='admin',`password`='21232f297a57a5a743894a0e4a801fc3',`email`='',`lastlogintime`='1489206943',`lastloginip`='127.0.0.1',`status`='1' WHERE `id` = 1 [ RunTime:0.0000s ]

[ 2017-03-11T13:28:47+08:00 ] 127.0.0.1 /index.php?m=Admin&c=Category&a=updateStatus&id=2&status=2
INFO: [ app_begin ] --START--
INFO: Run Behavior\ReadHtmlCacheBehavior [ RunTime:0.001000s ]
INFO: [ app_begin ] --END-- [ RunTime:0.002000s ]
SQL: SHOW COLUMNS FROM `cms_category` [ RunTime:0.0240s ]
SQL: UPDATE `cms_category` SET `status`='2' WHERE `id` = 2 [ RunTime:0.0000s ]

[ 2017-03-11T13:28:53+08:00 ] 127.0.0.1 /index.php?m=Admin&c=Category&a=updateStatus&id=2&status=1
INFO: [ app_begin ] --START--
INFO: Run Behavior\ReadHtmlCacheBehavior [ RunTime:0.001000s ]
INFO: [ app_begin ] --END-- [ RunTime:0.001000s ]
SQL: SHOW COLUMNS FROM `cms_category` [ RunTime:0.0080s ]
SQL: UPDATE `cms_category` SET `status`='1' WHERE `id` = 2 [ RunTime:0.0010s ]

[ 2017-03-11T13:30:09+08:00 ] 127.0.0.1 /index.php?m=Admin&c=admin&a=updateStatus
INFO: [ app_begin ] --START--
INFO: Run Behavior\ReadHtmlCacheBehavior [ RunTime:0.001000s ]
INFO: [ app_begin ] --END-- [ RunTime:0.002000s ]
SQL: SHOW COLUMNS FROM `cms_admin` [ RunTime:0.0290s ]
SQL: UPDATE `cms_admin` SET `status`='0' WHERE `id` = 1 [ RunTime:0.0000s ]

[ 2017-03-11T13:30:18+08:00 ] 127.0.0.1 /index.php?m=Admin&c=admin&a=updateStatus
INFO: [ app_begin ] --START--
INFO: Run Behavior\ReadHtmlCacheBehavior [ RunTime:0.000000s ]
INFO: [ app_begin ] --END-- [ RunTime:0.001000s ]
SQL: SHOW COLUMNS FROM `cms_admin` [ RunTime:0.0070s ]
SQL: UPDATE `cms_admin` SET `status`='1' WHERE `id` = 1 [ RunTime:0.0010s ]

[ 2017-03-11T13:31:20+08:00 ] 127.0.0.1 /index.php?m=Admin&c=admin&a=updateStatus
INFO: [ app_begin ] --START--
INFO: Run Behavior\ReadHtmlCacheBehavior [ RunTime:0.000000s ]
INFO: [ app_begin ] --END-- [ RunTime:0.002000s ]
SQL: SHOW COLUMNS FROM `cms_admin` [ RunTime:0.0080s ]
SQL: UPDATE `cms_admin` SET `status`='0' WHERE `id` = 1 [ RunTime:0.0010s ]

[ 2017-03-11T13:31:24+08:00 ] 127.0.0.1 /index.php?m=Admin&c=admin&a=updateStatus
INFO: [ app_begin ] --START--
INFO: Run Behavior\ReadHtmlCacheBehavior [ RunTime:0.001000s ]
INFO: [ app_begin ] --END-- [ RunTime:0.002000s ]
SQL: SHOW COLUMNS FROM `cms_admin` [ RunTime:0.0080s ]
SQL: UPDATE `cms_admin` SET `status`='1' WHERE `id` = 1 [ RunTime:0.0000s ]

[ 2017-03-11T13:32:18+08:00 ] 127.0.0.1 /index.php?m=Admin&c=Index&a=logout
INFO: [ app_begin ] --START--
INFO: Run Behavior\ReadHtmlCacheBehavior [ RunTime:0.001000s ]
INFO: [ app_begin ] --END-- [ RunTime:0.002000s ]
INFO: [ app_end ] --START--
INFO: Run Behavior\ShowPageTraceBehavior [ RunTime:0.001000s ]
INFO: [ app_end ] --END-- [ RunTime:0.001000s ]

[ 2017-03-11T13:40:21+08:00 ] 127.0.0.1 /index.php?m=Admin&c=Login&a=index
INFO: [ app_begin ] --START--
INFO: Run Behavior\ReadHtmlCacheBehavior [ RunTime:0.001000s ]
INFO: [ app_begin ] --END-- [ RunTime:0.002000s ]
NOTIC: [2048] Declaration of Admin\Model\AdminModel::check() should be compatible with Think\Model::check($value, $rule, $type = 'regex') E:\phpstudy\WWW\thinkphpcms\Application\Admin\Model\AdminModel.class.php 第 5 行.
SQL: SHOW COLUMNS FROM `cms_admin` [ RunTime:0.0070s ]

[ 2017-03-11T13:42:21+08:00 ] 127.0.0.1 /index.php?m=Admin&c=Login&a=index
INFO: [ app_begin ] --START--
INFO: Run Behavior\ReadHtmlCacheBehavior [ RunTime:0.001000s ]
INFO: [ app_begin ] --END-- [ RunTime:0.002000s ]
NOTIC: [2048] Declaration of Admin\Model\AdminModel::check() should be compatible with Think\Model::check($value, $rule, $type = 'regex') E:\phpstudy\WWW\thinkphpcms\Application\Admin\Model\AdminModel.class.php 第 5 行.
SQL: SHOW COLUMNS FROM `cms_admin` [ RunTime:0.0060s ]

[ 2017-03-11T13:42:39+08:00 ] 127.0.0.1 /index.php?m=Admin&c=Login&a=index
INFO: [ app_begin ] --START--
INFO: Run Behavior\ReadHtmlCacheBehavior [ RunTime:0.002001s ]
INFO: [ app_begin ] --END-- [ RunTime:0.002001s ]
NOTIC: [2048] Declaration of Admin\Model\AdminModel::check() should be compatible with Think\Model::check($value, $rule, $type = 'regex') E:\phpstudy\WWW\thinkphpcms\Application\Admin\Model\AdminModel.class.php 第 5 行.
SQL: SHOW COLUMNS FROM `cms_admin` [ RunTime:0.0240s ]

[ 2017-03-11T13:42:49+08:00 ] 127.0.0.1 /index.php?m=Admin&c=Login&a=index
INFO: [ app_begin ] --START--
INFO: Run Behavior\ReadHtmlCacheBehavior [ RunTime:0.002000s ]
INFO: [ app_begin ] --END-- [ RunTime:0.003000s ]
NOTIC: [2048] Declaration of Admin\Model\AdminModel::check() should be compatible with Think\Model::check($value, $rule, $type = 'regex') E:\phpstudy\WWW\thinkphpcms\Application\Admin\Model\AdminModel.class.php 第 5 行.
SQL: SHOW COLUMNS FROM `cms_admin` [ RunTime:0.0060s ]

[ 2017-03-11T13:43:50+08:00 ] 127.0.0.1 /index.php?m=Admin&c=Login&a=index
INFO: [ app_begin ] --START--
INFO: Run Behavior\ReadHtmlCacheBehavior [ RunTime:0.001000s ]
INFO: [ app_begin ] --END-- [ RunTime:0.002000s ]
NOTIC: [2048] Declaration of Admin\Model\AdminModel::check() should be compatible with Think\Model::check($value, $rule, $type = 'regex') E:\phpstudy\WWW\thinkphpcms\Application\Admin\Model\AdminModel.class.php 第 5 行.
SQL: SHOW COLUMNS FROM `cms_admin` [ RunTime:0.0070s ]
NOTIC: [8] Use of undefined constant md5 - assumed 'md5' E:\phpstudy\WWW\thinkphpcms\Application\Admin\Model\AdminModel.class.php 第 20 行.
SQL: SELECT * FROM `cms_admin` WHERE `username` = 'admin' AND `password` = '21232f297a57a5a743894a0e4a801fc3' LIMIT 1   [ RunTime:0.0000s ]
SQL: UPDATE `cms_admin` SET `username`='admin',`password`='21232f297a57a5a743894a0e4a801fc3',`email`='',`lastlogintime`='1489211030',`lastloginip`='127.0.0.1',`status`='1' WHERE `id` = 1 [ RunTime:0.0010s ]

[ 2017-03-11T13:45:25+08:00 ] 127.0.0.1 /index.php?m=Admin&c=Login&a=index
INFO: [ app_begin ] --START--
INFO: Run Behavior\ReadHtmlCacheBehavior [ RunTime:0.001000s ]
INFO: [ app_begin ] --END-- [ RunTime:0.002000s ]
NOTIC: [2048] Declaration of Admin\Model\AdminModel::check() should be compatible with Think\Model::check($value, $rule, $type = 'regex') E:\phpstudy\WWW\thinkphpcms\Application\Admin\Model\AdminModel.class.php 第 5 行.
SQL: SHOW COLUMNS FROM `cms_admin` [ RunTime:0.0250s ]

[ 2017-03-11T13:45:55+08:00 ] 127.0.0.1 /index.php?m=Admin&c=Login&a=index
INFO: [ app_begin ] --START--
INFO: Run Behavior\ReadHtmlCacheBehavior [ RunTime:0.000000s ]
INFO: [ app_begin ] --END-- [ RunTime:0.002000s ]
NOTIC: [2048] Declaration of Admin\Model\AdminModel::check() should be compatible with Think\Model::check($value, $rule, $type = 'regex') E:\phpstudy\WWW\thinkphpcms\Application\Admin\Model\AdminModel.class.php 第 5 行.
SQL: SHOW COLUMNS FROM `cms_admin` [ RunTime:0.0080s ]

[ 2017-03-11T13:45:59+08:00 ] 127.0.0.1 /index.php?m=Admin&c=Login&a=index
INFO: [ app_begin ] --START--
INFO: Run Behavior\ReadHtmlCacheBehavior [ RunTime:0.001000s ]
INFO: [ app_begin ] --END-- [ RunTime:0.002000s ]
NOTIC: [2048] Declaration of Admin\Model\AdminModel::check() should be compatible with Think\Model::check($value, $rule, $type = 'regex') E:\phpstudy\WWW\thinkphpcms\Application\Admin\Model\AdminModel.class.php 第 5 行.
SQL: SHOW COLUMNS FROM `cms_admin` [ RunTime:0.0090s ]
NOTIC: [8] Use of undefined constant md5 - assumed 'md5' E:\phpstudy\WWW\thinkphpcms\Application\Admin\Model\AdminModel.class.php 第 20 行.
SQL: SELECT * FROM `cms_admin` WHERE `username` = 'admin' AND `password` = 'a8f5f167f44f4964e6c998dee827110c' LIMIT 1   [ RunTime:0.0010s ]

[ 2017-03-11T13:46:07+08:00 ] 127.0.0.1 /index.php?m=Admin&c=Login&a=index
INFO: [ app_begin ] --START--
INFO: Run Behavior\ReadHtmlCacheBehavior [ RunTime:0.001000s ]
INFO: [ app_begin ] --END-- [ RunTime:0.001000s ]
NOTIC: [2048] Declaration of Admin\Model\AdminModel::check() should be compatible with Think\Model::check($value, $rule, $type = 'regex') E:\phpstudy\WWW\thinkphpcms\Application\Admin\Model\AdminModel.class.php 第 5 行.
SQL: SHOW COLUMNS FROM `cms_admin` [ RunTime:0.0080s ]
NOTIC: [8] Use of undefined constant md5 - assumed 'md5' E:\phpstudy\WWW\thinkphpcms\Application\Admin\Model\AdminModel.class.php 第 20 行.
SQL: SELECT * FROM `cms_admin` WHERE `username` = 'admin' AND `password` = '21232f297a57a5a743894a0e4a801fc3' LIMIT 1   [ RunTime:0.0010s ]
SQL: UPDATE `cms_admin` SET `username`='admin',`password`='21232f297a57a5a743894a0e4a801fc3',`email`='',`lastlogintime`='1489211167',`lastloginip`='127.0.0.1',`status`='1' WHERE `id` = 1 [ RunTime:0.0160s ]

[ 2017-03-11T13:46:36+08:00 ] 127.0.0.1 /index.php?m=Admin&c=Login&a=index
INFO: [ app_begin ] --START--
INFO: Run Behavior\ReadHtmlCacheBehavior [ RunTime:0.001000s ]
INFO: [ app_begin ] --END-- [ RunTime:0.002000s ]
NOTIC: [2048] Declaration of Admin\Model\AdminModel::check() should be compatible with Think\Model::check($value, $rule, $type = 'regex') E:\phpstudy\WWW\thinkphpcms\Application\Admin\Model\AdminModel.class.php 第 5 行.
SQL: SHOW COLUMNS FROM `cms_admin` [ RunTime:0.0080s ]
NOTIC: [8] Use of undefined constant md5 - assumed 'md5' E:\phpstudy\WWW\thinkphpcms\Application\Admin\Model\AdminModel.class.php 第 20 行.
SQL: SELECT * FROM `cms_admin` WHERE `username` = 'asdmin' AND `password` = '21232f297a57a5a743894a0e4a801fc3' LIMIT 1   [ RunTime:0.0010s ]

[ 2017-03-11T14:08:09+08:00 ] 127.0.0.1 /index.php/Admin/Login/index.html
INFO: [ app_begin ] --START--
INFO: Run Behavior\ReadHtmlCacheBehavior [ RunTime:0.000000s ]
INFO: [ app_begin ] --END-- [ RunTime:0.001000s ]
NOTIC: [2048] Declaration of Admin\Model\AdminModel::check() should be compatible with Think\Model::check($value, $rule, $type = 'regex') E:\phpstudy\WWW\thinkphpcms\Application\Admin\Model\AdminModel.class.php 第 5 行.
SQL: SHOW COLUMNS FROM `cms_admin` [ RunTime:0.0260s ]
NOTIC: [8] Use of undefined constant md5 - assumed 'md5' E:\phpstudy\WWW\thinkphpcms\Application\Admin\Model\AdminModel.class.php 第 20 行.
SQL: SELECT * FROM `cms_admin` WHERE `username` = 'admin' AND `password` = '21232f297a57a5a743894a0e4a801fc3' LIMIT 1   [ RunTime:0.0010s ]
SQL: UPDATE `cms_admin` SET `username`='admin',`password`='21232f297a57a5a743894a0e4a801fc3',`email`='',`lastlogintime`='1489212489',`lastloginip`='127.0.0.1',`status`='1' WHERE `id` = 1 [ RunTime:0.0190s ]

[ 2017-03-11T14:08:48+08:00 ] 127.0.0.1 /index.php/Admin/Contact/index.html
ERR: 无法加载控制器:Contact

[ 2017-03-11T14:09:03+08:00 ] 127.0.0.1 /index.php/Admin/Index/logout.html
INFO: [ app_begin ] --START--
INFO: Run Behavior\ReadHtmlCacheBehavior [ RunTime:0.001000s ]
INFO: [ app_begin ] --END-- [ RunTime:0.002000s ]
INFO: [ app_end ] --START--
INFO: Run Behavior\ShowPageTraceBehavior [ RunTime:0.001000s ]
INFO: [ app_end ] --END-- [ RunTime:0.001000s ]

[ 2017-03-11T14:09:10+08:00 ] 127.0.0.1 /index.php/Admin/Login/index.html
INFO: [ app_begin ] --START--
INFO: Run Behavior\ReadHtmlCacheBehavior [ RunTime:0.001000s ]
INFO: [ app_begin ] --END-- [ RunTime:0.002000s ]
NOTIC: [2048] Declaration of Admin\Model\AdminModel::check() should be compatible with Think\Model::check($value, $rule, $type = 'regex') E:\phpstudy\WWW\thinkphpcms\Application\Admin\Model\AdminModel.class.php 第 5 行.
SQL: SHOW COLUMNS FROM `cms_admin` [ RunTime:0.0060s ]
NOTIC: [8] Use of undefined constant md5 - assumed 'md5' E:\phpstudy\WWW\thinkphpcms\Application\Admin\Model\AdminModel.class.php 第 20 行.
SQL: SELECT * FROM `cms_admin` WHERE `username` = 'admin' AND `password` = '21232f297a57a5a743894a0e4a801fc3' LIMIT 1   [ RunTime:0.0010s ]
SQL: UPDATE `cms_admin` SET `username`='admin',`password`='21232f297a57a5a743894a0e4a801fc3',`email`='',`lastlogintime`='1489212550',`lastloginip`='127.0.0.1',`status`='1' WHERE `id` = 1 [ RunTime:0.0000s ]

[ 2017-03-11T14:16:23+08:00 ] 127.0.0.1 /index.php/Admin/Article/upload.html
INFO: [ app_begin ] --START--
INFO: Run Behavior\ReadHtmlCacheBehavior [ RunTime:0.001000s ]
INFO: [ app_begin ] --END-- [ RunTime:0.001000s ]
NOTIC: [2] call_user_func() expects parameter 1 to be a valid callback, no array or string given E:\phpstudy\WWW\thinkphpcms\ThinkPHP\Library\Think\Upload.class.php 第 170 行.

[ 2017-03-11T14:17:27+08:00 ] 127.0.0.1 /index.php/Admin/Article/upload.html
INFO: [ app_begin ] --START--
INFO: Run Behavior\ReadHtmlCacheBehavior [ RunTime:0.001000s ]
INFO: [ app_begin ] --END-- [ RunTime:0.002000s ]

[ 2017-03-11T14:17:39+08:00 ] 127.0.0.1 /index.php/Admin/Article/upload.html
INFO: [ app_begin ] --START--
INFO: Run Behavior\ReadHtmlCacheBehavior [ RunTime:0.001000s ]
INFO: [ app_begin ] --END-- [ RunTime:0.001000s ]

[ 2017-03-11T14:17:49+08:00 ] 127.0.0.1 /index.php/Admin/Article/upload.html
INFO: [ app_begin ] --START--
INFO: Run Behavior\ReadHtmlCacheBehavior [ RunTime:0.001000s ]
INFO: [ app_begin ] --END-- [ RunTime:0.002000s ]
NOTIC: [2] call_user_func() expects parameter 1 to be a valid callback, no array or string given E:\phpstudy\WWW\thinkphpcms\ThinkPHP\Library\Think\Upload.class.php 第 170 行.

[ 2017-03-11T14:18:06+08:00 ] 127.0.0.1 /index.php/Admin/Article/upload.html
INFO: [ app_begin ] --START--
INFO: Run Behavior\ReadHtmlCacheBehavior [ RunTime:0.001000s ]
INFO: [ app_begin ] --END-- [ RunTime:0.001000s ]
NOTIC: [2] call_user_func() expects parameter 1 to be a valid callback, no array or string given E:\phpstudy\WWW\thinkphpcms\ThinkPHP\Library\Think\Upload.class.php 第 170 行.

[ 2017-03-11T14:22:06+08:00 ] 127.0.0.1 /index.php/Admin/Article/upload.html
INFO: [ app_begin ] --START--
INFO: Run Behavior\ReadHtmlCacheBehavior [ RunTime:0.001000s ]
INFO: [ app_begin ] --END-- [ RunTime:0.001000s ]
NOTIC: [2] call_user_func() expects parameter 1 to be a valid callback, no array or string given E:\phpstudy\WWW\thinkphpcms\ThinkPHP\Library\Think\Upload.class.php 第 170 行.

[ 2017-03-11T14:22:57+08:00 ] 127.0.0.1 /index.php/Admin/Article/upload.html
INFO: [ app_begin ] --START--
INFO: Run Behavior\ReadHtmlCacheBehavior [ RunTime:0.001000s ]
INFO: [ app_begin ] --END-- [ RunTime:0.002000s ]
NOTIC: [2] call_user_func() expects parameter 1 to be a valid callback, no array or string given E:\phpstudy\WWW\thinkphpcms\ThinkPHP\Library\Think\Upload.class.php 第 170 行.

[ 2017-03-11T14:23:53+08:00 ] 127.0.0.1 /index.php/Admin/Article/upload.html
INFO: [ app_begin ] --START--
INFO: Run Behavior\ReadHtmlCacheBehavior [ RunTime:0.001000s ]
INFO: [ app_begin ] --END-- [ RunTime:0.002001s ]
NOTIC: [2] call_user_func() expects parameter 1 to be a valid callback, no array or string given E:\phpstudy\WWW\thinkphpcms\ThinkPHP\Library\Think\Upload.class.php 第 170 行.

[ 2017-03-11T14:28:26+08:00 ] 127.0.0.1 /index.php/Admin/Article/upload.html
INFO: [ app_begin ] --START--
INFO: Run Behavior\ReadHtmlCacheBehavior [ RunTime:0.001000s ]
INFO: [ app_begin ] --END-- [ RunTime:0.001000s ]
NOTIC: [2] call_user_func() expects parameter 1 to be a valid callback, no array or string given E:\phpstudy\WWW\thinkphpcms\ThinkPHP\Library\Think\Upload.class.php 第 170 行.

[ 2017-03-11T14:29:06+08:00 ] 127.0.0.1 /index.php/Admin/Article/upload.html
INFO: [ app_begin ] --START--
INFO: Run Behavior\ReadHtmlCacheBehavior [ RunTime:0.002000s ]
INFO: [ app_begin ] --END-- [ RunTime:0.003000s ]
NOTIC: [2] call_user_func() expects parameter 1 to be a valid callback, no array or string given E:\phpstudy\WWW\thinkphpcms\ThinkPHP\Library\Think\Upload.class.php 第 170 行.

[ 2017-03-11T14:32:05+08:00 ] 127.0.0.1 /index.php/Admin/Article/upload.html
INFO: [ app_begin ] --START--
INFO: Run Behavior\ReadHtmlCacheBehavior [ RunTime:0.001000s ]
INFO: [ app_begin ] --END-- [ RunTime:0.002000s ]
NOTIC: [2] call_user_func() expects parameter 1 to be a valid callback, no array or string given E:\phpstudy\WWW\thinkphpcms\ThinkPHP\Library\Think\Upload.class.php 第 170 行.

[ 2017-03-11T14:36:24+08:00 ] 127.0.0.1 /index.php/Admin/Article/upload.html
INFO: [ app_begin ] --START--
INFO: Run Behavior\ReadHtmlCacheBehavior [ RunTime:0.001000s ]
INFO: [ app_begin ] --END-- [ RunTime:0.001000s ]
NOTIC: [2] call_user_func() expects parameter 1 to be a valid callback, no array or string given E:\phpstudy\WWW\thinkphpcms\ThinkPHP\Library\Think\Upload.class.php 第 170 行.

[ 2017-03-11T14:37:30+08:00 ] 127.0.0.1 /index.php/Admin/Article/upload.html
INFO: [ app_begin ] --START--
INFO: Run Behavior\ReadHtmlCacheBehavior [ RunTime:0.000000s ]
INFO: [ app_begin ] --END-- [ RunTime:0.001000s ]
NOTIC: [2] call_user_func() expects parameter 1 to be a valid callback, no array or string given E:\phpstudy\WWW\thinkphpcms\ThinkPHP\Library\Think\Upload.class.php 第 170 行.

[ 2017-03-11T14:37:56+08:00 ] 127.0.0.1 /index.php/Admin/Article/upload.html
INFO: [ app_begin ] --START--
INFO: Run Behavior\ReadHtmlCacheBehavior [ RunTime:0.000000s ]
INFO: [ app_begin ] --END-- [ RunTime:0.001000s ]
NOTIC: [2] call_user_func() expects parameter 1 to be a valid callback, no array or string given E:\phpstudy\WWW\thinkphpcms\ThinkPHP\Library\Think\Upload.class.php 第 170 行.

[ 2017-03-11T14:38:07+08:00 ] 127.0.0.1 /index.php/Admin/Article/upload.html
INFO: [ app_begin ] --START--
INFO: Run Behavior\ReadHtmlCacheBehavior [ RunTime:0.001000s ]
INFO: [ app_begin ] --END-- [ RunTime:0.002000s ]
NOTIC: [2] call_user_func() expects parameter 1 to be a valid callback, no array or string given E:\phpstudy\WWW\thinkphpcms\ThinkPHP\Library\Think\Upload.class.php 第 170 行.

[ 2017-03-11T14:38:18+08:00 ] 127.0.0.1 /index.php/Admin/Article/upload.html
INFO: [ app_begin ] --START--
INFO: Run Behavior\ReadHtmlCacheBehavior [ RunTime:0.000000s ]
INFO: [ app_begin ] --END-- [ RunTime:0.001000s ]
NOTIC: [2] call_user_func() expects parameter 1 to be a valid callback, no array or string given E:\phpstudy\WWW\thinkphpcms\ThinkPHP\Library\Think\Upload.class.php 第 170 行.

[ 2017-03-11T14:53:01+08:00 ] 127.0.0.1 /index.php/Admin/Admin/edit.html
INFO: [ app_begin ] --START--
INFO: Run Behavior\ReadHtmlCacheBehavior [ RunTime:0.000000s ]
INFO: [ app_begin ] --END-- [ RunTime:0.001000s ]
SQL: SHOW COLUMNS FROM `cms_admin` [ RunTime:0.0140s ]
NOTIC: [8] Use of undefined constant md5 - assumed 'md5' E:\phpstudy\WWW\thinkphpcms\Application\Admin\Controller\AdminController.class.php 第 18 行.
SQL: UPDATE `cms_admin` SET `password`='21232f297a57a5a743894a0e4a801fc3' WHERE `id` = 1 [ RunTime:0.0010s ]

[ 2017-03-11T14:53:10+08:00 ] 127.0.0.1 /index.php/Admin/Admin/edit.html
INFO: [ app_begin ] --START--
INFO: Run Behavior\ReadHtmlCacheBehavior [ RunTime:0.001000s ]
INFO: [ app_begin ] --END-- [ RunTime:0.002000s ]
SQL: SHOW COLUMNS FROM `cms_admin` [ RunTime:0.0060s ]
NOTIC: [8] Use of undefined constant md5 - assumed 'md5' E:\phpstudy\WWW\thinkphpcms\Application\Admin\Controller\AdminController.class.php 第 18 行.
SQL: UPDATE `cms_admin` SET `password`='e00cf25ad42683b3df678c61f42c6bda' WHERE `id` = 1 [ RunTime:0.0000s ]

[ 2017-03-11T14:53:36+08:00 ] 127.0.0.1 /index.php/Admin/Admin/edit.html
INFO: [ app_begin ] --START--
INFO: Run Behavior\ReadHtmlCacheBehavior [ RunTime:0.000000s ]
INFO: [ app_begin ] --END-- [ RunTime:0.002000s ]
SQL: SHOW COLUMNS FROM `cms_admin` [ RunTime:0.0070s ]
NOTIC: [8] Use of undefined constant md5 - assumed 'md5' E:\phpstudy\WWW\thinkphpcms\Application\Admin\Controller\AdminController.class.php 第 18 行.
SQL: UPDATE `cms_admin` SET `password`='e00cf25ad42683b3df678c61f42c6bda' WHERE `id` = 1 [ RunTime:0.0000s ]

[ 2017-03-11T14:53:45+08:00 ] 127.0.0.1 /index.php/Admin/Admin/edit.html
INFO: [ app_begin ] --START--
INFO: Run Behavior\ReadHtmlCacheBehavior [ RunTime:0.000000s ]
INFO: [ app_begin ] --END-- [ RunTime:0.001001s ]
SQL: SHOW COLUMNS FROM `cms_admin` [ RunTime:0.0060s ]
NOTIC: [8] Use of undefined constant md5 - assumed 'md5' E:\phpstudy\WWW\thinkphpcms\Application\Admin\Controller\AdminController.class.php 第 18 行.
SQL: UPDATE `cms_admin` SET `password`='e00cf25ad42683b3df678c61f42c6bda' WHERE `id` = 1 [ RunTime:0.0000s ]

[ 2017-03-11T14:54:55+08:00 ] 127.0.0.1 /index.php/Admin/Admin/edit.html
INFO: [ app_begin ] --START--
INFO: Run Behavior\ReadHtmlCacheBehavior [ RunTime:0.001000s ]
INFO: [ app_begin ] --END-- [ RunTime:0.001000s ]
SQL: SHOW COLUMNS FROM `cms_admin` [ RunTime:0.0070s ]
NOTIC: [8] Use of undefined constant md5 - assumed 'md5' E:\phpstudy\WWW\thinkphpcms\Application\Admin\Controller\AdminController.class.php 第 18 行.
SQL: UPDATE `cms_admin` SET `password`='e00cf25ad42683b3df678c61f42c6bda' WHERE `id` = 1 [ RunTime:0.0070s ]

[ 2017-03-11T14:57:43+08:00 ] 127.0.0.1 /index.php/Admin/Index/logout.html
INFO: [ app_begin ] --START--
INFO: Run Behavior\ReadHtmlCacheBehavior [ RunTime:0.000000s ]
INFO: [ app_begin ] --END-- [ RunTime:0.001000s ]
INFO: [ app_end ] --START--
INFO: Run Behavior\ShowPageTraceBehavior [ RunTime:0.001000s ]
INFO: [ app_end ] --END-- [ RunTime:0.001000s ]

[ 2017-03-11T14:57:50+08:00 ] 127.0.0.1 /index.php/Admin/Login/index.html
INFO: [ app_begin ] --START--
INFO: Run Behavior\ReadHtmlCacheBehavior [ RunTime:0.000000s ]
INFO: [ app_begin ] --END-- [ RunTime:0.001000s ]
NOTIC: [2048] Declaration of Admin\Model\AdminModel::check() should be compatible with Think\Model::check($value, $rule, $type = 'regex') E:\phpstudy\WWW\thinkphpcms\Application\Admin\Model\AdminModel.class.php 第 5 行.
SQL: SHOW COLUMNS FROM `cms_admin` [ RunTime:0.0080s ]
NOTIC: [8] Use of undefined constant md5 - assumed 'md5' E:\phpstudy\WWW\thinkphpcms\Application\Admin\Model\AdminModel.class.php 第 20 行.
SQL: SELECT * FROM `cms_admin` WHERE `username` = 'admin' AND `password` = '21232f297a57a5a743894a0e4a801fc3' LIMIT 1   [ RunTime:0.0010s ]

[ 2017-03-11T14:57:50+08:00 ] 127.0.0.1 /index.php/Admin/Login/verify.html&r=0.9040665799465324
ERR: 非法操作:verify.html&r=0.9040665799465324

[ 2017-03-11T14:57:55+08:00 ] 127.0.0.1 /index.php/Admin/Login/verify.html&r=0.2001198711081944
ERR: 非法操作:verify.html&r=0.2001198711081944

[ 2017-03-11T14:58:40+08:00 ] 127.0.0.1 /index.php/Admin/Login/verify.html&r=0.540306769784022
ERR: 非法操作:verify.html&r=0.540306769784022

[ 2017-03-11T14:59:06+08:00 ] 127.0.0.1 /index.php/Admin/Login/verify.html&r=0.9559470154126508
ERR: 非法操作:verify.html&r=0.9559470154126508

[ 2017-03-11T14:59:37+08:00 ] 127.0.0.1 /index.php/Admin/Login/verify.html&r=0.7603739649313221
ERR: 非法操作:verify.html&r=0.7603739649313221

