[ 2017-03-13T14:09:35+08:00 ] 127.0.0.1 /Admin/Category/del.html?id=64
INFO: [ app_begin ] --START--
INFO: Run Behavior\ReadHtmlCacheBehavior [ RunTime:0.001000s ]
INFO: [ app_begin ] --END-- [ RunTime:0.002000s ]
SQL: SHOW COLUMNS FROM `cms_category` [ RunTime:0.0050s ]
SQL: SELECT `id`,`pid` FROM `cms_category`  [ RunTime:0.0000s ]
SQL: DELETE FROM `cms_category` WHERE `id` = 64 [ RunTime:0.0420s ]

[ 2017-03-13T14:09:39+08:00 ] 127.0.0.1 /Admin/Category/del.html?id=63
INFO: [ app_begin ] --START--
INFO: Run Behavior\ReadHtmlCacheBehavior [ RunTime:0.001000s ]
INFO: [ app_begin ] --END-- [ RunTime:0.002000s ]
SQL: SHOW COLUMNS FROM `cms_category` [ RunTime:0.0060s ]
SQL: SELECT `id`,`pid` FROM `cms_category`  [ RunTime:0.0010s ]
SQL: DELETE FROM `cms_category` WHERE `id` = 63 [ RunTime:0.0000s ]

[ 2017-03-13T14:10:09+08:00 ] 127.0.0.1 /Admin/Category/add.html
INFO: [ app_begin ] --START--
INFO: Run Behavior\ReadHtmlCacheBehavior [ RunTime:0.001000s ]
INFO: [ app_begin ] --END-- [ RunTime:0.001000s ]
SQL: SHOW COLUMNS FROM `cms_category` [ RunTime:0.0060s ]
SQL: INSERT INTO `cms_category` (`pid`,`catname`,`type`,`content`,`url`,`thumb`,`status`,`summary`,`alias`,`addtime`) VALUES ('60','师资培训','1','','','','1','师资培训','师资培训','1489385409') [ RunTime:0.0000s ]

[ 2017-03-13T14:10:22+08:00 ] 127.0.0.1 /Admin/Category/add.html
INFO: [ app_begin ] --START--
INFO: Run Behavior\ReadHtmlCacheBehavior [ RunTime:0.001001s ]
INFO: [ app_begin ] --END-- [ RunTime:0.002001s ]
SQL: SHOW COLUMNS FROM `cms_category` [ RunTime:0.0050s ]
SQL: INSERT INTO `cms_category` (`pid`,`catname`,`type`,`content`,`url`,`thumb`,`status`,`summary`,`alias`,`addtime`) VALUES ('60','赛事活动','1','','','','1','赛事活动','赛事活动','1489385422') [ RunTime:0.0000s ]

[ 2017-03-13T14:11:36+08:00 ] 127.0.0.1 /Admin/Category/updateStatus.html?id=60&status=2
INFO: [ app_begin ] --START--
INFO: Run Behavior\ReadHtmlCacheBehavior [ RunTime:0.001000s ]
INFO: [ app_begin ] --END-- [ RunTime:0.002001s ]
SQL: SHOW COLUMNS FROM `cms_category` [ RunTime:0.0070s ]
SQL: UPDATE `cms_category` SET `status`='2' WHERE `id` = 60 [ RunTime:0.0010s ]

[ 2017-03-13T14:11:51+08:00 ] 127.0.0.1 /Admin/Category/updateStatus.html?id=60&status=1
INFO: [ app_begin ] --START--
INFO: Run Behavior\ReadHtmlCacheBehavior [ RunTime:0.001000s ]
INFO: [ app_begin ] --END-- [ RunTime:0.001000s ]
SQL: SHOW COLUMNS FROM `cms_category` [ RunTime:0.0060s ]
SQL: UPDATE `cms_category` SET `status`='1' WHERE `id` = 60 [ RunTime:0.0000s ]

[ 2017-03-13T14:15:18+08:00 ] 127.0.0.1 /Admin/Category/add.html
INFO: [ app_begin ] --START--
INFO: Run Behavior\ReadHtmlCacheBehavior [ RunTime:0.002000s ]
INFO: [ app_begin ] --END-- [ RunTime:0.002000s ]
SQL: SHOW COLUMNS FROM `cms_category` [ RunTime:0.0050s ]
SQL: INSERT INTO `cms_category` (`pid`,`catname`,`type`,`content`,`url`,`thumb`,`summary`,`alias`,`addtime`) VALUES ('0','首页','1','','','','首页','首页','1489385718') [ RunTime:0.0000s ]

[ 2017-03-13T14:15:38+08:00 ] 127.0.0.1 /Admin/Category/add.html
INFO: [ app_begin ] --START--
INFO: Run Behavior\ReadHtmlCacheBehavior [ RunTime:0.001000s ]
INFO: [ app_begin ] --END-- [ RunTime:0.001000s ]
SQL: SHOW COLUMNS FROM `cms_category` [ RunTime:0.0050s ]
SQL: INSERT INTO `cms_category` (`pid`,`catname`,`type`,`content`,`url`,`thumb`,`status`,`summary`,`alias`,`addtime`) VALUES ('70','创客课程思路','1','','','','1','创客课程思路','创客课程思路','1489385738') [ RunTime:0.0010s ]

[ 2017-03-13T14:15:52+08:00 ] 127.0.0.1 /Admin/Category/add.html
INFO: [ app_begin ] --START--
INFO: Run Behavior\ReadHtmlCacheBehavior [ RunTime:0.001000s ]
INFO: [ app_begin ] --END-- [ RunTime:0.001000s ]
SQL: SHOW COLUMNS FROM `cms_category` [ RunTime:0.0060s ]
SQL: INSERT INTO `cms_category` (`pid`,`catname`,`type`,`content`,`url`,`thumb`,`status`,`summary`,`alias`,`addtime`) VALUES ('70','创客教育课堂 —为学生筑“造梦空间”','1','','','','1','创客教育课堂 —为学生筑“造梦空间”','创客教育课堂 —为学生筑“造梦空间”','1489385752') [ RunTime:0.0010s ]

[ 2017-03-13T14:16:06+08:00 ] 127.0.0.1 /Admin/Category/add.html
INFO: [ app_begin ] --START--
INFO: Run Behavior\ReadHtmlCacheBehavior [ RunTime:0.001000s ]
INFO: [ app_begin ] --END-- [ RunTime:0.001000s ]
SQL: SHOW COLUMNS FROM `cms_category` [ RunTime:0.0060s ]
SQL: INSERT INTO `cms_category` (`pid`,`catname`,`type`,`content`,`url`,`thumb`,`status`,`summary`,`alias`,`addtime`) VALUES ('70',' 小创客的作品','1','','','','1',' 小创客的作品',' 小创客的作品','1489385766') [ RunTime:0.0000s ]

[ 2017-03-13T14:16:45+08:00 ] 127.0.0.1 /Admin/Category/add.html
INFO: [ app_begin ] --START--
INFO: Run Behavior\ReadHtmlCacheBehavior [ RunTime:0.001000s ]
INFO: [ app_begin ] --END-- [ RunTime:0.002001s ]
SQL: SHOW COLUMNS FROM `cms_category` [ RunTime:0.0050s ]
SQL: INSERT INTO `cms_category` (`pid`,`catname`,`type`,`content`,`url`,`thumb`,`status`,`summary`,`alias`,`addtime`) VALUES ('70','创客教育在美国','1','','','','1','创客教育在美国','创客教育在美国','1489385805') [ RunTime:0.0000s ]

[ 2017-03-13T14:16:58+08:00 ] 127.0.0.1 /Admin/Category/add.html
INFO: [ app_begin ] --START--
INFO: Run Behavior\ReadHtmlCacheBehavior [ RunTime:0.000000s ]
INFO: [ app_begin ] --END-- [ RunTime:0.001000s ]
SQL: SHOW COLUMNS FROM `cms_category` [ RunTime:0.0060s ]
SQL: INSERT INTO `cms_category` (`pid`,`catname`,`type`,`content`,`url`,`thumb`,`status`,`summary`,`alias`,`addtime`) VALUES ('70','创客教育进中国','1','','','','1',' 创客教育进中国',' 创客教育进中国','1489385818') [ RunTime:0.0010s ]

[ 2017-03-13T14:17:12+08:00 ] 127.0.0.1 /Admin/Category/add.html
INFO: [ app_begin ] --START--
INFO: Run Behavior\ReadHtmlCacheBehavior [ RunTime:0.001000s ]
INFO: [ app_begin ] --END-- [ RunTime:0.002000s ]
SQL: SHOW COLUMNS FROM `cms_category` [ RunTime:0.0060s ]
SQL: INSERT INTO `cms_category` (`pid`,`catname`,`type`,`content`,`url`,`thumb`,`status`,`summary`,`alias`,`addtime`) VALUES ('71','小学','1','','','','1','小学','小学','1489385832') [ RunTime:0.0000s ]

[ 2017-03-13T14:17:25+08:00 ] 127.0.0.1 /Admin/Category/add.html
INFO: [ app_begin ] --START--
INFO: Run Behavior\ReadHtmlCacheBehavior [ RunTime:0.001000s ]
INFO: [ app_begin ] --END-- [ RunTime:0.002000s ]
SQL: SHOW COLUMNS FROM `cms_category` [ RunTime:0.0060s ]
SQL: INSERT INTO `cms_category` (`pid`,`catname`,`type`,`content`,`url`,`thumb`,`status`,`summary`,`alias`,`addtime`) VALUES ('71','初中','1','','','','1','初中','初中','1489385845') [ RunTime:0.0000s ]

[ 2017-03-13T14:17:36+08:00 ] 127.0.0.1 /Admin/Category/add.html
INFO: [ app_begin ] --START--
INFO: Run Behavior\ReadHtmlCacheBehavior [ RunTime:0.001000s ]
INFO: [ app_begin ] --END-- [ RunTime:0.002000s ]
SQL: SHOW COLUMNS FROM `cms_category` [ RunTime:0.0060s ]
SQL: INSERT INTO `cms_category` (`pid`,`catname`,`type`,`content`,`url`,`thumb`,`status`,`summary`,`alias`,`addtime`) VALUES ('71','高中','1','','','','1','高中','高中','1489385856') [ RunTime:0.0010s ]

[ 2017-03-13T14:19:06+08:00 ] 127.0.0.1 /Admin/Category/edit.html
INFO: [ app_begin ] --START--
INFO: Run Behavior\ReadHtmlCacheBehavior [ RunTime:0.001000s ]
INFO: [ app_begin ] --END-- [ RunTime:0.001000s ]
SQL: SHOW COLUMNS FROM `cms_category` [ RunTime:0.0060s ]
SQL: UPDATE `cms_category` SET `pid`='70',`catname`='创客课程思路',`thumb`='',`content`='',`url`='',`status`='1',`summary`='以培养学习者，特别是青少年学习者的创客素养为导向的教育模式。它包含正式学习，也包含贯穿学习者一生的非正式学习。',`alias`='创客课程思路' WHERE `id` = 71 [ RunTime:0.0010s ]

[ 2017-03-13T14:24:27+08:00 ] 127.0.0.1 /Admin/Article/upload.html
INFO: [ app_begin ] --START--
INFO: Run Behavior\ReadHtmlCacheBehavior [ RunTime:0.000000s ]
INFO: [ app_begin ] --END-- [ RunTime:0.002001s ]
NOTIC: [2] call_user_func() expects parameter 1 to be a valid callback, no array or string given E:\phpstudy\WWW\thinkphpcms\ThinkPHP\Library\Think\Upload.class.php 第 170 行.

[ 2017-03-13T14:24:32+08:00 ] 127.0.0.1 /Admin/Category/edit.html
INFO: [ app_begin ] --START--
INFO: Run Behavior\ReadHtmlCacheBehavior [ RunTime:0.001000s ]
INFO: [ app_begin ] --END-- [ RunTime:0.001000s ]
SQL: SHOW COLUMNS FROM `cms_category` [ RunTime:0.0050s ]
SQL: UPDATE `cms_category` SET `pid`='71',`catname`='小学',`thumb`='/Uploads/2017-03-13/58c63b1ba2967.png',`content`='',`url`='',`status`='1',`summary`='小学',`alias`='小学' WHERE `id` = 76 [ RunTime:0.0010s ]

[ 2017-03-13T14:24:44+08:00 ] 127.0.0.1 /Admin/Article/upload.html
INFO: [ app_begin ] --START--
INFO: Run Behavior\ReadHtmlCacheBehavior [ RunTime:0.001000s ]
INFO: [ app_begin ] --END-- [ RunTime:0.002000s ]
NOTIC: [2] call_user_func() expects parameter 1 to be a valid callback, no array or string given E:\phpstudy\WWW\thinkphpcms\ThinkPHP\Library\Think\Upload.class.php 第 170 行.

[ 2017-03-13T14:24:46+08:00 ] 127.0.0.1 /Admin/Category/edit.html
INFO: [ app_begin ] --START--
INFO: Run Behavior\ReadHtmlCacheBehavior [ RunTime:0.002000s ]
INFO: [ app_begin ] --END-- [ RunTime:0.003000s ]
SQL: SHOW COLUMNS FROM `cms_category` [ RunTime:0.0240s ]
SQL: UPDATE `cms_category` SET `pid`='71',`catname`='初中',`thumb`='/Uploads/2017-03-13/58c63b2c64cf5.png',`content`='',`url`='',`status`='1',`summary`='初中',`alias`='初中' WHERE `id` = 77 [ RunTime:0.0000s ]

[ 2017-03-13T14:25:00+08:00 ] 127.0.0.1 /Admin/Article/upload.html
INFO: [ app_begin ] --START--
INFO: Run Behavior\ReadHtmlCacheBehavior [ RunTime:0.000000s ]
INFO: [ app_begin ] --END-- [ RunTime:0.001000s ]
NOTIC: [2] call_user_func() expects parameter 1 to be a valid callback, no array or string given E:\phpstudy\WWW\thinkphpcms\ThinkPHP\Library\Think\Upload.class.php 第 170 行.

[ 2017-03-13T14:25:03+08:00 ] 127.0.0.1 /Admin/Category/edit.html
INFO: [ app_begin ] --START--
INFO: Run Behavior\ReadHtmlCacheBehavior [ RunTime:0.001000s ]
INFO: [ app_begin ] --END-- [ RunTime:0.002000s ]
SQL: SHOW COLUMNS FROM `cms_category` [ RunTime:0.0060s ]
SQL: UPDATE `cms_category` SET `pid`='71',`catname`='高中',`thumb`='/Uploads/2017-03-13/58c63b3cdd66c.png',`content`='',`url`='',`status`='1',`summary`='高中',`alias`='高中' WHERE `id` = 78 [ RunTime:0.0000s ]

[ 2017-03-13T14:27:09+08:00 ] 127.0.0.1 /Admin/Category/edit.html
INFO: [ app_begin ] --START--
INFO: Run Behavior\ReadHtmlCacheBehavior [ RunTime:0.001000s ]
INFO: [ app_begin ] --END-- [ RunTime:0.001000s ]
SQL: SHOW COLUMNS FROM `cms_category` [ RunTime:0.0060s ]
SQL: UPDATE `cms_category` SET `pid`='71',`catname`='小学',`thumb`='/Uploads/2017-03-13/58c63b1ba2967.png',`content`='',`url`='',`status`='1',`summary`='发明制作一个有趣的玩具，感受造物乐趣，培养探究精神及动手实践的兴趣和能力学会简单编程，学习定格动画制作等。',`alias`='小学' WHERE `id` = 76 [ RunTime:0.0010s ]

[ 2017-03-13T14:27:18+08:00 ] 127.0.0.1 /Admin/Category/edit.html
INFO: [ app_begin ] --START--
INFO: Run Behavior\ReadHtmlCacheBehavior [ RunTime:0.001000s ]
INFO: [ app_begin ] --END-- [ RunTime:0.002000s ]
SQL: SHOW COLUMNS FROM `cms_category` [ RunTime:0.0050s ]
SQL: UPDATE `cms_category` SET `pid`='71',`catname`='初中',`thumb`='/Uploads/2017-03-13/58c63b2c64cf5.png',`content`='',`url`='',`status`='1',`summary`='综合活动与工作坊相结合，让学生“做中玩、 玩中学”，以arduino和图形化编程为基础， 融合各学科知识，培养动手解决问题的能力。',`alias`='初中' WHERE `id` = 77 [ RunTime:0.0000s ]

[ 2017-03-13T14:27:27+08:00 ] 127.0.0.1 /Admin/Category/edit.html
INFO: [ app_begin ] --START--
INFO: Run Behavior\ReadHtmlCacheBehavior [ RunTime:0.000000s ]
INFO: [ app_begin ] --END-- [ RunTime:0.001001s ]
SQL: SHOW COLUMNS FROM `cms_category` [ RunTime:0.0050s ]
SQL: UPDATE `cms_category` SET `pid`='71',`catname`='高中',`thumb`='/Uploads/2017-03-13/58c63b3cdd66c.png',`content`='',`url`='',`status`='1',`summary`='发明制作一个有趣的玩具，感受造物乐趣， 培养探究精神及动手实践的兴趣和能力学 会简单编程，学习定格动画制作等。',`alias`='高中' WHERE `id` = 78 [ RunTime:0.0010s ]

[ 2017-03-13T14:36:52+08:00 ] 127.0.0.1 /Admin/Category/edit.html
INFO: [ app_begin ] --START--
INFO: Run Behavior\ReadHtmlCacheBehavior [ RunTime:0.001000s ]
INFO: [ app_begin ] --END-- [ RunTime:0.001000s ]
SQL: SHOW COLUMNS FROM `cms_category` [ RunTime:0.0060s ]
SQL: UPDATE `cms_category` SET `pid`='70',`catname`='创客教育在美国',`thumb`='',`content`='',`url`='',`status`='1',`summary`='奥巴马在2009年的竞选演讲中说：“我希望我们所有人去思考创新的 方法，激发年轻人从事到科学和工程中来，鼓励年轻人去创造、构建 和发明——去做事物的创造者，而不仅仅是事物的消费者“。2012年 初美国政府又推出一个新项目，计划在未来四年内在1000所美国学校 引入创客空间。',`alias`='创客教育在美国' WHERE `id` = 74 [ RunTime:0.0010s ]

[ 2017-03-13T14:37:06+08:00 ] 127.0.0.1 /Admin/Category/edit.html
INFO: [ app_begin ] --START--
INFO: Run Behavior\ReadHtmlCacheBehavior [ RunTime:0.001000s ]
INFO: [ app_begin ] --END-- [ RunTime:0.002000s ]
SQL: SHOW COLUMNS FROM `cms_category` [ RunTime:0.0060s ]
SQL: UPDATE `cms_category` SET `pid`='70',`catname`='创客教育进中国',`thumb`='',`content`='',`url`='',`status`='1',`summary`='李克强主持召开国务院常务会议，确定支持发展“众创空间”的政策措施为创业创新搭建新平台，在内的各类青年创新人才和创新团队，带动扩大 就压，打造经济发展新的“发动机”，具有重要意义。医药在创客空间、 创新工厂等孵化模式的基础上，大力发展市场化、专业化、集成化、网络 化的模式',`alias`=' 创客教育进中国' WHERE `id` = 75 [ RunTime:0.0000s ]

[ 2017-03-13T14:54:52+08:00 ] 127.0.0.1 /Admin/Article/del.html?id=66%2C64%2C63
INFO: [ app_begin ] --START--
INFO: Run Behavior\ReadHtmlCacheBehavior [ RunTime:0.001000s ]
INFO: [ app_begin ] --END-- [ RunTime:0.001000s ]
SQL: SHOW COLUMNS FROM `cms_article` [ RunTime:0.0070s ]
SQL: DELETE FROM `cms_article` WHERE `id` IN ('66','64','63') [ RunTime:0.0940s ]

[ 2017-03-13T14:55:51+08:00 ] 127.0.0.1 /Admin/Article/upload.html
INFO: [ app_begin ] --START--
INFO: Run Behavior\ReadHtmlCacheBehavior [ RunTime:0.002000s ]
INFO: [ app_begin ] --END-- [ RunTime:0.002000s ]
NOTIC: [2] call_user_func() expects parameter 1 to be a valid callback, no array or string given E:\phpstudy\WWW\thinkphpcms\ThinkPHP\Library\Think\Upload.class.php 第 170 行.

[ 2017-03-13T14:56:25+08:00 ] 127.0.0.1 /Admin/Article/upload.html
INFO: [ app_begin ] --START--
INFO: Run Behavior\ReadHtmlCacheBehavior [ RunTime:0.001000s ]
INFO: [ app_begin ] --END-- [ RunTime:0.002000s ]
NOTIC: [2] call_user_func() expects parameter 1 to be a valid callback, no array or string given E:\phpstudy\WWW\thinkphpcms\ThinkPHP\Library\Think\Upload.class.php 第 170 行.

[ 2017-03-13T14:56:48+08:00 ] 127.0.0.1 /Admin/Article/upload.html
INFO: [ app_begin ] --START--
INFO: Run Behavior\ReadHtmlCacheBehavior [ RunTime:0.001000s ]
INFO: [ app_begin ] --END-- [ RunTime:0.001000s ]
NOTIC: [2] call_user_func() expects parameter 1 to be a valid callback, no array or string given E:\phpstudy\WWW\thinkphpcms\ThinkPHP\Library\Think\Upload.class.php 第 170 行.

[ 2017-03-13T16:12:48+08:00 ] 127.0.0.1 /Admin/Article/upload.html
INFO: [ app_begin ] --START--
INFO: Run Behavior\ReadHtmlCacheBehavior [ RunTime:0.000000s ]
INFO: [ app_begin ] --END-- [ RunTime:0.001000s ]
NOTIC: [2] call_user_func() expects parameter 1 to be a valid callback, no array or string given E:\phpstudy\WWW\thinkphpcms\ThinkPHP\Library\Think\Upload.class.php 第 170 行.

[ 2017-03-13T16:13:23+08:00 ] 127.0.0.1 /Admin/Article/upload.html
INFO: [ app_begin ] --START--
INFO: Run Behavior\ReadHtmlCacheBehavior [ RunTime:0.002000s ]
INFO: [ app_begin ] --END-- [ RunTime:0.003000s ]
NOTIC: [2] call_user_func() expects parameter 1 to be a valid callback, no array or string given E:\phpstudy\WWW\thinkphpcms\ThinkPHP\Library\Think\Upload.class.php 第 170 行.

[ 2017-03-13T16:14:53+08:00 ] 127.0.0.1 /Admin/Article/remove.html?ids%5B%5D=72&catid=73
INFO: [ app_begin ] --START--
INFO: Run Behavior\ReadHtmlCacheBehavior [ RunTime:0.001000s ]
INFO: [ app_begin ] --END-- [ RunTime:0.001000s ]
SQL: SHOW COLUMNS FROM `cms_article` [ RunTime:0.0090s ]
SQL: UPDATE `cms_article` SET `catid`='73' WHERE `id` = 72 [ RunTime:0.0010s ]

[ 2017-03-13T16:15:21+08:00 ] 127.0.0.1 /Admin/Article/upload.html
INFO: [ app_begin ] --START--
INFO: Run Behavior\ReadHtmlCacheBehavior [ RunTime:0.001000s ]
INFO: [ app_begin ] --END-- [ RunTime:0.001000s ]
NOTIC: [2] call_user_func() expects parameter 1 to be a valid callback, no array or string given E:\phpstudy\WWW\thinkphpcms\ThinkPHP\Library\Think\Upload.class.php 第 170 行.

[ 2017-03-13T16:20:07+08:00 ] 127.0.0.1 /Admin/Article/upload.html
INFO: [ app_begin ] --START--
INFO: Run Behavior\ReadHtmlCacheBehavior [ RunTime:0.001000s ]
INFO: [ app_begin ] --END-- [ RunTime:0.002000s ]
NOTIC: [2] call_user_func() expects parameter 1 to be a valid callback, no array or string given E:\phpstudy\WWW\thinkphpcms\ThinkPHP\Library\Think\Upload.class.php 第 170 行.

[ 2017-03-13T16:25:47+08:00 ] 127.0.0.1 /Admin/Article/upload.html
INFO: [ app_begin ] --START--
INFO: Run Behavior\ReadHtmlCacheBehavior [ RunTime:0.001000s ]
INFO: [ app_begin ] --END-- [ RunTime:0.002000s ]
NOTIC: [2] call_user_func() expects parameter 1 to be a valid callback, no array or string given E:\phpstudy\WWW\thinkphpcms\ThinkPHP\Library\Think\Upload.class.php 第 170 行.

[ 2017-03-13T16:26:08+08:00 ] 127.0.0.1 /Admin/Article/upload.html
INFO: [ app_begin ] --START--
INFO: Run Behavior\ReadHtmlCacheBehavior [ RunTime:0.001000s ]
INFO: [ app_begin ] --END-- [ RunTime:0.002000s ]
NOTIC: [2] call_user_func() expects parameter 1 to be a valid callback, no array or string given E:\phpstudy\WWW\thinkphpcms\ThinkPHP\Library\Think\Upload.class.php 第 170 行.

[ 2017-03-13T16:26:25+08:00 ] 127.0.0.1 /Admin/Article/upload.html
INFO: [ app_begin ] --START--
INFO: Run Behavior\ReadHtmlCacheBehavior [ RunTime:0.001000s ]
INFO: [ app_begin ] --END-- [ RunTime:0.002001s ]
NOTIC: [2] call_user_func() expects parameter 1 to be a valid callback, no array or string given E:\phpstudy\WWW\thinkphpcms\ThinkPHP\Library\Think\Upload.class.php 第 170 行.

