[ 2017-03-16T12:45:45+08:00 ] 127.0.0.1 /Admin/Login/index.html
INFO: [ app_begin ] --START--
INFO: Run Behavior\ReadHtmlCacheBehavior [ RunTime:0.001000s ]
INFO: [ app_begin ] --END-- [ RunTime:0.001000s ]
NOTIC: [2048] Declaration of Admin\Model\AdminModel::check() should be compatible with Think\Model::check($value, $rule, $type = 'regex') E:\phpstudy\WWW\thinkphpcms\Application\Admin\Model\AdminModel.class.php 第 5 行.
SQL: SHOW COLUMNS FROM `cms_admin` [ RunTime:0.1350s ]
NOTIC: [8] Use of undefined constant md5 - assumed 'md5' E:\phpstudy\WWW\thinkphpcms\Application\Admin\Model\AdminModel.class.php 第 20 行.
SQL: SELECT * FROM `cms_admin` WHERE `username` = 'admin' AND `password` = 'e00cf25ad42683b3df678c61f42c6bda' LIMIT 1   [ RunTime:0.0010s ]
SQL: UPDATE `cms_admin` SET `username`='admin',`password`='e00cf25ad42683b3df678c61f42c6bda',`email`='',`lastlogintime`='1489639545',`lastloginip`='127.0.0.1',`status`='1' WHERE `id` = 1 [ RunTime:0.0460s ]

[ 2017-03-16T12:46:15+08:00 ] 127.0.0.1 /Admin/Article/del.html?id=77
INFO: [ app_begin ] --START--
INFO: Run Behavior\ReadHtmlCacheBehavior [ RunTime:0.001000s ]
INFO: [ app_begin ] --END-- [ RunTime:0.002000s ]
SQL: SHOW COLUMNS FROM `cms_article` [ RunTime:0.0070s ]
SQL: DELETE FROM `cms_article` WHERE `id` = 77 [ RunTime:0.0270s ]

[ 2017-03-16T12:46:40+08:00 ] 127.0.0.1 /Admin/Category/updateStatus.html?id=72&status=2
INFO: [ app_begin ] --START--
INFO: Run Behavior\ReadHtmlCacheBehavior [ RunTime:0.000000s ]
INFO: [ app_begin ] --END-- [ RunTime:0.001001s ]
SQL: SHOW COLUMNS FROM `cms_category` [ RunTime:0.0070s ]
SQL: UPDATE `cms_category` SET `status`='2' WHERE `id` = 72 [ RunTime:0.0010s ]

[ 2017-03-16T12:46:43+08:00 ] 127.0.0.1 /Admin/Category/updateStatus.html?id=72&status=1
INFO: [ app_begin ] --START--
INFO: Run Behavior\ReadHtmlCacheBehavior [ RunTime:0.000000s ]
INFO: [ app_begin ] --END-- [ RunTime:0.001000s ]
SQL: SHOW COLUMNS FROM `cms_category` [ RunTime:0.0070s ]
SQL: UPDATE `cms_category` SET `status`='1' WHERE `id` = 72 [ RunTime:0.0010s ]

[ 2017-03-16T14:52:00+08:00 ] 127.0.0.1 /Admin/Login/index.html
INFO: [ app_begin ] --START--
INFO: Run Behavior\ReadHtmlCacheBehavior [ RunTime:0.001000s ]
INFO: [ app_begin ] --END-- [ RunTime:0.002000s ]
NOTIC: [2048] Declaration of Admin\Model\AdminModel::check() should be compatible with Think\Model::check($value, $rule, $type = 'regex') E:\phpstudy\WWW\thinkphpcms\Application\Admin\Model\AdminModel.class.php 第 5 行.
SQL: SHOW COLUMNS FROM `cms_admin` [ RunTime:0.0640s ]

[ 2017-03-16T14:52:09+08:00 ] 127.0.0.1 /Admin/Login/index.html
INFO: [ app_begin ] --START--
INFO: Run Behavior\ReadHtmlCacheBehavior [ RunTime:0.001000s ]
INFO: [ app_begin ] --END-- [ RunTime:0.001000s ]
NOTIC: [2048] Declaration of Admin\Model\AdminModel::check() should be compatible with Think\Model::check($value, $rule, $type = 'regex') E:\phpstudy\WWW\thinkphpcms\Application\Admin\Model\AdminModel.class.php 第 5 行.
SQL: SHOW COLUMNS FROM `cms_admin` [ RunTime:0.0240s ]
NOTIC: [8] Use of undefined constant md5 - assumed 'md5' E:\phpstudy\WWW\thinkphpcms\Application\Admin\Model\AdminModel.class.php 第 20 行.
SQL: SELECT * FROM `cms_admin` WHERE `username` = 'admin' AND `password` = '21232f297a57a5a743894a0e4a801fc3' LIMIT 1   [ RunTime:0.0090s ]

[ 2017-03-16T14:52:16+08:00 ] 127.0.0.1 /Admin/Login/index.html
INFO: [ app_begin ] --START--
INFO: Run Behavior\ReadHtmlCacheBehavior [ RunTime:0.001000s ]
INFO: [ app_begin ] --END-- [ RunTime:0.002000s ]
NOTIC: [2048] Declaration of Admin\Model\AdminModel::check() should be compatible with Think\Model::check($value, $rule, $type = 'regex') E:\phpstudy\WWW\thinkphpcms\Application\Admin\Model\AdminModel.class.php 第 5 行.
SQL: SHOW COLUMNS FROM `cms_admin` [ RunTime:0.0080s ]
NOTIC: [8] Use of undefined constant md5 - assumed 'md5' E:\phpstudy\WWW\thinkphpcms\Application\Admin\Model\AdminModel.class.php 第 20 行.
SQL: SELECT * FROM `cms_admin` WHERE `username` = 'admin' AND `password` = 'e00cf25ad42683b3df678c61f42c6bda' LIMIT 1   [ RunTime:0.0010s ]
SQL: UPDATE `cms_admin` SET `username`='admin',`password`='e00cf25ad42683b3df678c61f42c6bda',`email`='',`lastlogintime`='1489647136',`lastloginip`='127.0.0.1',`status`='1' WHERE `id` = 1 [ RunTime:0.1300s ]

[ 2017-03-16T15:39:46+08:00 ] 127.0.0.1 /Admin/Category/add.html
INFO: [ app_begin ] --START--
INFO: Run Behavior\ReadHtmlCacheBehavior [ RunTime:0.000000s ]
INFO: [ app_begin ] --END-- [ RunTime:0.001000s ]
SQL: SHOW COLUMNS FROM `cms_category` [ RunTime:0.0070s ]

[ 2017-03-16T15:40:59+08:00 ] 127.0.0.1 /Admin/Category/add.html
INFO: [ app_begin ] --START--
INFO: Run Behavior\ReadHtmlCacheBehavior [ RunTime:0.001000s ]
INFO: [ app_begin ] --END-- [ RunTime:0.002000s ]
SQL: SHOW COLUMNS FROM `cms_category` [ RunTime:0.0200s ]

[ 2017-03-16T15:46:11+08:00 ] 127.0.0.1 /Admin/Category/add.html
INFO: [ app_begin ] --START--
INFO: Run Behavior\ReadHtmlCacheBehavior [ RunTime:0.001000s ]
INFO: [ app_begin ] --END-- [ RunTime:0.002000s ]
SQL: SHOW COLUMNS FROM `cms_category` [ RunTime:0.0110s ]

[ 2017-03-16T15:46:45+08:00 ] 127.0.0.1 /Admin/Category/add.html
INFO: [ app_begin ] --START--
INFO: Run Behavior\ReadHtmlCacheBehavior [ RunTime:0.000000s ]
INFO: [ app_begin ] --END-- [ RunTime:0.001000s ]
SQL: SHOW COLUMNS FROM `cms_category` [ RunTime:0.0080s ]

[ 2017-03-16T15:48:35+08:00 ] 127.0.0.1 /Admin/Category/add.html
INFO: [ app_begin ] --START--
INFO: Run Behavior\ReadHtmlCacheBehavior [ RunTime:0.000000s ]
INFO: [ app_begin ] --END-- [ RunTime:0.001001s ]
SQL: SHOW COLUMNS FROM `cms_category` [ RunTime:0.0060s ]

[ 2017-03-16T15:49:45+08:00 ] 127.0.0.1 /Admin/Category/add.html
INFO: [ app_begin ] --START--
INFO: Run Behavior\ReadHtmlCacheBehavior [ RunTime:0.001000s ]
INFO: [ app_begin ] --END-- [ RunTime:0.002001s ]
SQL: SHOW COLUMNS FROM `cms_category` [ RunTime:0.0070s ]
SQL: INSERT INTO `cms_category` (`pid`,`catname`,`type`,`content`,`url`,`thumb`,`status`,`template`,`app_sub`,`summary`,`alias`,`addtime`) VALUES ('0','测试模版','2','<p>测试模版neirong&nbsp;</p>','','','1','page.html','1','asd','阿斯达','1489650585') [ RunTime:0.0210s ]

[ 2017-03-16T15:50:01+08:00 ] 127.0.0.1 /Admin/Category/updateStatus.html?id=83&status=2
INFO: [ app_begin ] --START--
INFO: Run Behavior\ReadHtmlCacheBehavior [ RunTime:0.001000s ]
INFO: [ app_begin ] --END-- [ RunTime:0.001000s ]
SQL: SHOW COLUMNS FROM `cms_category` [ RunTime:0.0070s ]
SQL: UPDATE `cms_category` SET `status`='2' WHERE `id` = 83 [ RunTime:0.0010s ]

[ 2017-03-16T15:50:42+08:00 ] 127.0.0.1 /Admin/Category/updateStatus.html?id=83&status=1
INFO: [ app_begin ] --START--
INFO: Run Behavior\ReadHtmlCacheBehavior [ RunTime:0.002001s ]
INFO: [ app_begin ] --END-- [ RunTime:0.002001s ]
SQL: SHOW COLUMNS FROM `cms_category` [ RunTime:0.0070s ]
SQL: UPDATE `cms_category` SET `status`='1' WHERE `id` = 83 [ RunTime:0.0000s ]

