[ 2017-03-09T20:47:26+08:00 ] 127.0.0.1 /index.php?m=Admin&c=Cache&a=index&time=0.35408936834558946
INFO: [ app_begin ] --START--
INFO: Run Behavior\ReadHtmlCacheBehavior [ RunTime:0.001000s ]
INFO: [ app_begin ] --END-- [ RunTime:0.001000s ]

[ 2017-03-09T20:51:12+08:00 ] 127.0.0.1 /index.php?m=Admin&c=Rule&a=updateStatus
INFO: [ app_begin ] --START--
INFO: Run Behavior\ReadHtmlCacheBehavior [ RunTime:0.002000s ]
INFO: [ app_begin ] --END-- [ RunTime:0.003000s ]
SQL: SHOW COLUMNS FROM `cms_auth_rule` [ RunTime:0.0110s ]
SQL: UPDATE `cms_auth_rule` SET `status`='0' WHERE `id` = 43 [ RunTime:0.0020s ]

[ 2017-03-09T20:51:25+08:00 ] 127.0.0.1 /index.php?m=Admin&c=Admin&a=addGroup
INFO: [ app_begin ] --START--
INFO: Run Behavior\ReadHtmlCacheBehavior [ RunTime:0.001000s ]
INFO: [ app_begin ] --END-- [ RunTime:0.002000s ]
SQL: SHOW COLUMNS FROM `cms_auth_group` [ RunTime:0.0140s ]
SQL: INSERT INTO `cms_auth_group` (`title`) VALUES ('jhiuhi') [ RunTime:0.0010s ]

[ 2017-03-09T20:51:32+08:00 ] 127.0.0.1 /index.php?m=Admin&c=Admin&a=delGroup
INFO: [ app_begin ] --START--
INFO: Run Behavior\ReadHtmlCacheBehavior [ RunTime:0.001000s ]
INFO: [ app_begin ] --END-- [ RunTime:0.002000s ]
SQL: SHOW COLUMNS FROM `cms_auth_group` [ RunTime:0.0140s ]
SQL: SHOW COLUMNS FROM `cms_auth_group_access` [ RunTime:0.0120s ]
SQL: SELECT * FROM `cms_auth_group_access` WHERE `group_id` = 5  [ RunTime:0.0010s ]
SQL: DELETE FROM `cms_auth_group` WHERE `id` = 5 [ RunTime:0.0000s ]
NOTIC: [2] Illegal offset type in isset or empty D:\phpStudy\WWW\thinkphpcms\ThinkPHP\Library\Think\Model.class.php 第 511 行.
SQL: DELETE FROM `cms_auth_group_access` WHERE `group_id` = 5 [ RunTime:0.0000s ]

[ 2017-03-09T21:08:33+08:00 ] 127.0.0.1 /index.php?m=Admin&c=Rule&a=updateStatus
INFO: [ app_begin ] --START--
INFO: Run Behavior\ReadHtmlCacheBehavior [ RunTime:0.002000s ]
INFO: [ app_begin ] --END-- [ RunTime:0.003000s ]
SQL: SHOW COLUMNS FROM `cms_auth_rule` [ RunTime:0.0170s ]
SQL: UPDATE `cms_auth_rule` SET `status`='0' WHERE `id` = 8 [ RunTime:0.0010s ]

[ 2017-03-09T21:08:42+08:00 ] 127.0.0.1 /index.php?m=Admin&c=Rule&a=updateStatus
INFO: [ app_begin ] --START--
INFO: Run Behavior\ReadHtmlCacheBehavior [ RunTime:0.002000s ]
INFO: [ app_begin ] --END-- [ RunTime:0.002000s ]
SQL: SHOW COLUMNS FROM `cms_auth_rule` [ RunTime:0.0070s ]
SQL: UPDATE `cms_auth_rule` SET `status`='1' WHERE `id` = 43 [ RunTime:0.0000s ]

[ 2017-03-09T21:16:35+08:00 ] 127.0.0.1 /index.php?m=Admin&c=Rule&a=updateStatus
INFO: [ app_begin ] --START--
INFO: Run Behavior\ReadHtmlCacheBehavior [ RunTime:0.001000s ]
INFO: [ app_begin ] --END-- [ RunTime:0.002000s ]
SQL: SHOW COLUMNS FROM `cms_auth_group_access` [ RunTime:0.0070s ]
SQL: SELECT `uid`,`group_id`,`title`,`rules` FROM cms_auth_group_access a INNER JOIN cms_auth_group g on a.group_id=g.id  WHERE ( a.uid='1' and g.status='1' )  [ RunTime:0.0000s ]
SQL: SHOW COLUMNS FROM `cms_auth_rule` [ RunTime:0.0090s ]
SQL: SELECT `condition`,`name` FROM `cms_auth_rule` WHERE `id` IN ('4','5','6','9','47','48','49','24','8','10','34','50','51','11','26','27','28','30','32','33','36','37','38','41','40','43','44','45','46','53','54','55','56','57') AND `type` = 1 AND `status` = 1  [ RunTime:0.0010s ]
SQL: SHOW COLUMNS FROM `cms_auth_rule` [ RunTime:0.0080s ]
SQL: UPDATE `cms_auth_rule` SET `status`='0' WHERE `id` = 46 [ RunTime:0.0000s ]

[ 2017-03-09T21:16:45+08:00 ] 127.0.0.1 /index.php?m=Admin&c=Rule&a=updateStatus
INFO: [ app_begin ] --START--
INFO: Run Behavior\ReadHtmlCacheBehavior [ RunTime:0.002000s ]
INFO: [ app_begin ] --END-- [ RunTime:0.002000s ]
SQL: SHOW COLUMNS FROM `cms_auth_group_access` [ RunTime:0.0060s ]
SQL: SELECT `uid`,`group_id`,`title`,`rules` FROM cms_auth_group_access a INNER JOIN cms_auth_group g on a.group_id=g.id  WHERE ( a.uid='1' and g.status='1' )  [ RunTime:0.0010s ]
SQL: SHOW COLUMNS FROM `cms_auth_rule` [ RunTime:0.0070s ]
SQL: SELECT `condition`,`name` FROM `cms_auth_rule` WHERE `id` IN ('4','5','6','9','47','48','49','24','8','10','34','50','51','11','26','27','28','30','32','33','36','37','38','41','40','43','44','45','46','53','54','55','56','57') AND `type` = 1 AND `status` = 1  [ RunTime:0.0000s ]
SQL: SHOW COLUMNS FROM `cms_auth_rule` [ RunTime:0.0070s ]
SQL: UPDATE `cms_auth_rule` SET `status`='1' WHERE `id` = 46 [ RunTime:0.0000s ]

