[ 2017-03-17T09:05:29+08:00 ] 127.0.0.1 /Admin/Login/index.html
INFO: [ app_begin ] --START--
INFO: Run Behavior\ReadHtmlCacheBehavior [ RunTime:0.000000s ]
INFO: [ app_begin ] --END-- [ RunTime:0.000000s ]
NOTIC: [2048] Declaration of Admin\Model\AdminModel::check() should be compatible with Think\Model::check($value, $rule, $type = 'regex') E:\phpstudy\WWW\thinkphpcms\Application\Admin\Model\AdminModel.class.php 第 5 行.
SQL: SHOW COLUMNS FROM `cms_admin` [ RunTime:0.0312s ]
NOTIC: [8] Use of undefined constant md5 - assumed 'md5' E:\phpstudy\WWW\thinkphpcms\Application\Admin\Model\AdminModel.class.php 第 20 行.
SQL: SELECT * FROM `cms_admin` WHERE `username` = 'admin' AND `password` = 'e00cf25ad42683b3df678c61f42c6bda' LIMIT 1   [ RunTime:0.0000s ]
SQL: UPDATE `cms_admin` SET `username`='admin',`password`='e00cf25ad42683b3df678c61f42c6bda',`email`='',`lastlogintime`='1489712729',`lastloginip`='127.0.0.1',`status`='1' WHERE `id` = 1 [ RunTime:0.0000s ]

[ 2017-03-17T13:56:00+08:00 ] 127.0.0.1 /Admin/Login/index.html
INFO: [ app_begin ] --START--
INFO: Run Behavior\ReadHtmlCacheBehavior [ RunTime:0.001000s ]
INFO: [ app_begin ] --END-- [ RunTime:0.001000s ]
NOTIC: [2048] Declaration of Admin\Model\AdminModel::check() should be compatible with Think\Model::check($value, $rule, $type = 'regex') E:\phpstudy\WWW\thinkphpcms\Application\Admin\Model\AdminModel.class.php 第 5 行.
SQL: SHOW COLUMNS FROM `cms_admin` [ RunTime:0.0680s ]
NOTIC: [8] Use of undefined constant md5 - assumed 'md5' E:\phpstudy\WWW\thinkphpcms\Application\Admin\Model\AdminModel.class.php 第 20 行.
SQL: SELECT * FROM `cms_admin` WHERE `username` = 'admin' AND `password` = 'e00cf25ad42683b3df678c61f42c6bda' LIMIT 1   [ RunTime:0.0010s ]
SQL: UPDATE `cms_admin` SET `username`='admin',`password`='e00cf25ad42683b3df678c61f42c6bda',`email`='',`lastlogintime`='1489730160',`lastloginip`='127.0.0.1',`status`='1' WHERE `id` = 1 [ RunTime:0.0510s ]

[ 2017-03-17T13:58:19+08:00 ] 127.0.0.1 /Admin/Category/add.html
INFO: [ app_begin ] --START--
INFO: Run Behavior\ReadHtmlCacheBehavior [ RunTime:0.000000s ]
INFO: [ app_begin ] --END-- [ RunTime:0.001000s ]
SQL: SHOW COLUMNS FROM `cms_category` [ RunTime:0.0070s ]
SQL: INSERT INTO `cms_category` (`pid`,`catname`,`type`,`content`,`url`,`thumb`,`status`,`template`,`app_sub`,`summary`,`alias`,`addtime`) VALUES ('0','测试栏目','2','<p>测试内容</p>','','','1','page_test.html','1','','','1489730299') [ RunTime:0.0130s ]

[ 2017-03-17T14:06:17+08:00 ] 127.0.0.1 /Admin/Category/updateStatus.html?id=84&status=2
INFO: [ app_begin ] --START--
INFO: Run Behavior\ReadHtmlCacheBehavior [ RunTime:0.001000s ]
INFO: [ app_begin ] --END-- [ RunTime:0.002000s ]
SQL: SHOW COLUMNS FROM `cms_category` [ RunTime:0.0050s ]
SQL: UPDATE `cms_category` SET `status`='2' WHERE `id` = 84 [ RunTime:0.0010s ]

[ 2017-03-17T14:12:41+08:00 ] 127.0.0.1 /Admin/Category/edit.html
INFO: [ app_begin ] --START--
INFO: Run Behavior\ReadHtmlCacheBehavior [ RunTime:0.001000s ]
INFO: [ app_begin ] --END-- [ RunTime:0.001000s ]
SQL: SHOW COLUMNS FROM `cms_category` [ RunTime:0.0070s ]
SQL: UPDATE `cms_category` SET `pid`='0',`catname`='测试栏目',`thumb`='',`content`='<p>测试内容</p>',`url`='',`template`='list.html',`app_sub`='1',`summary`='',`alias`='',`status`='2' WHERE `id` = 84 [ RunTime:0.0010s ]

[ 2017-03-17T14:13:04+08:00 ] 127.0.0.1 /Admin/Category/edit.html
INFO: [ app_begin ] --START--
INFO: Run Behavior\ReadHtmlCacheBehavior [ RunTime:0.000000s ]
INFO: [ app_begin ] --END-- [ RunTime:0.002000s ]
SQL: SHOW COLUMNS FROM `cms_category` [ RunTime:0.0070s ]
SQL: UPDATE `cms_category` SET `pid`='0',`catname`='测试栏目',`thumb`='',`content`='<p>测试内容</p>',`url`='',`template`='page_test.html',`app_sub`='1',`summary`='',`alias`='',`status`='2' WHERE `id` = 84 [ RunTime:0.0010s ]

[ 2017-03-17T14:13:57+08:00 ] 127.0.0.1 /Admin/Contact/index.html
ERR: 无法加载控制器:Contact

[ 2017-03-17T14:39:39+08:00 ] 127.0.0.1 /Admin/Banner/index.html
ERR: 无法加载控制器:Banner

[ 2017-03-17T14:47:42+08:00 ] 127.0.0.1 /Admin/Ads/add.html
INFO: [ app_begin ] --START--
INFO: Run Behavior\ReadHtmlCacheBehavior [ RunTime:0.002001s ]
INFO: [ app_begin ] --END-- [ RunTime:0.002001s ]
ERR: 模板不存在:./Application/Admin/View/Ads/add.html

[ 2017-03-17T14:48:07+08:00 ] 127.0.0.1 /Admin/Ads/add.html
INFO: [ app_begin ] --START--
INFO: Run Behavior\ReadHtmlCacheBehavior [ RunTime:0.001000s ]
INFO: [ app_begin ] --END-- [ RunTime:0.001000s ]

[ 2017-03-17T14:48:31+08:00 ] 127.0.0.1 /Admin/Ads/add.html
INFO: [ app_begin ] --START--
INFO: Run Behavior\ReadHtmlCacheBehavior [ RunTime:0.001000s ]
INFO: [ app_begin ] --END-- [ RunTime:0.001000s ]

[ 2017-03-17T14:52:29+08:00 ] 127.0.0.1 /Admin/Ads/add.html
INFO: [ app_begin ] --START--
INFO: Run Behavior\ReadHtmlCacheBehavior [ RunTime:0.001000s ]
INFO: [ app_begin ] --END-- [ RunTime:0.002000s ]
SQL: SHOW COLUMNS FROM `cms_ads_plate` [ RunTime:0.0080s ]
SQL: INSERT INTO `cms_ads_plate` (`name`,`desc`,`addtime`) VALUES ('111','222','1489733548') [ RunTime:0.0010s ]

[ 2017-03-17T15:31:11+08:00 ] 127.0.0.1 /Admin/Ads/%7B%22Ads/editAdd%22%7D?type=edit
INFO: [ app_begin ] --START--
INFO: Run Behavior\ReadHtmlCacheBehavior [ RunTime:0.001000s ]
INFO: [ app_begin ] --END-- [ RunTime:0.002000s ]
ERR: 非法操作:{"Ads

[ 2017-03-17T15:31:35+08:00 ] 127.0.0.1 /Admin/Ads/editAdd.html?type=edit
INFO: [ app_begin ] --START--
INFO: Run Behavior\ReadHtmlCacheBehavior [ RunTime:0.001000s ]
INFO: [ app_begin ] --END-- [ RunTime:0.002000s ]
ERR: 非法操作:editAdd

[ 2017-03-17T15:31:55+08:00 ] 127.0.0.1 /Admin/Ads/addPlate.html?type=edit
INFO: [ app_begin ] --START--
INFO: Run Behavior\ReadHtmlCacheBehavior [ RunTime:0.001000s ]
INFO: [ app_begin ] --END-- [ RunTime:0.001000s ]
ERR: 非法操作:addPlate

[ 2017-03-17T15:33:47+08:00 ] 127.0.0.1 /Admin/Ads/addPlate.html
INFO: [ app_begin ] --START--
INFO: Run Behavior\ReadHtmlCacheBehavior [ RunTime:0.000000s ]
INFO: [ app_begin ] --END-- [ RunTime:0.001001s ]
SQL: SHOW COLUMNS FROM `cms_ads_plate` [ RunTime:0.0080s ]
SQL: INSERT INTO `cms_ads_plate` (`name`,`desc`,`addtime`) VALUES ('222','222','1489736026') [ RunTime:0.0010s ]

[ 2017-03-17T15:33:55+08:00 ] 127.0.0.1 /Admin/Ads/addPlate.html?type=edit
INFO: [ app_begin ] --START--
INFO: Run Behavior\ReadHtmlCacheBehavior [ RunTime:0.001000s ]
INFO: [ app_begin ] --END-- [ RunTime:0.002000s ]

[ 2017-03-17T15:36:03+08:00 ] 127.0.0.1 /Admin/Ads/addPlate.html?id=2&type=edit
INFO: [ app_begin ] --START--
INFO: Run Behavior\ReadHtmlCacheBehavior [ RunTime:0.000000s ]
INFO: [ app_begin ] --END-- [ RunTime:0.001000s ]

[ 2017-03-17T15:37:07+08:00 ] 127.0.0.1 /Admin/Ads/addPlate.html?id=2&type=edit
INFO: [ app_begin ] --START--
INFO: Run Behavior\ReadHtmlCacheBehavior [ RunTime:0.001000s ]
INFO: [ app_begin ] --END-- [ RunTime:0.001000s ]
SQL: SHOW COLUMNS FROM `cms_ads_plate` [ RunTime:0.0070s ]
SQL: SELECT * FROM `cms_ads_plate` WHERE `id` = 2 LIMIT 1   [ RunTime:0.0000s ]

[ 2017-03-17T15:37:40+08:00 ] 127.0.0.1 /Admin/Ads/addPlate.html?id=1&type=edit
INFO: [ app_begin ] --START--
INFO: Run Behavior\ReadHtmlCacheBehavior [ RunTime:0.001000s ]
INFO: [ app_begin ] --END-- [ RunTime:0.001000s ]
SQL: SHOW COLUMNS FROM `cms_ads_plate` [ RunTime:0.0060s ]
SQL: SELECT * FROM `cms_ads_plate` WHERE `id` = 1 LIMIT 1   [ RunTime:0.0010s ]

[ 2017-03-17T15:37:53+08:00 ] 127.0.0.1 /Admin/Ads/addPlate.html?id=1&type=edit
INFO: [ app_begin ] --START--
INFO: Run Behavior\ReadHtmlCacheBehavior [ RunTime:0.001000s ]
INFO: [ app_begin ] --END-- [ RunTime:0.002000s ]
SQL: SHOW COLUMNS FROM `cms_ads_plate` [ RunTime:0.0060s ]
SQL: SELECT * FROM `cms_ads_plate` WHERE `id` = 1 LIMIT 1   [ RunTime:0.0010s ]

[ 2017-03-17T15:38:02+08:00 ] 127.0.0.1 /Admin/Ads/addPlate.html?id=2&type=edit
INFO: [ app_begin ] --START--
INFO: Run Behavior\ReadHtmlCacheBehavior [ RunTime:0.001000s ]
INFO: [ app_begin ] --END-- [ RunTime:0.001000s ]
SQL: SHOW COLUMNS FROM `cms_ads_plate` [ RunTime:0.0070s ]
SQL: SELECT * FROM `cms_ads_plate` WHERE `id` = 2 LIMIT 1   [ RunTime:0.0000s ]

[ 2017-03-17T15:39:31+08:00 ] 127.0.0.1 /Admin/Ads/addPlate.html?id=2&type=edit
INFO: [ app_begin ] --START--
INFO: Run Behavior\ReadHtmlCacheBehavior [ RunTime:0.000000s ]
INFO: [ app_begin ] --END-- [ RunTime:0.001000s ]

[ 2017-03-17T15:39:49+08:00 ] 127.0.0.1 /Admin/Ads/addPlate.html?id=2&type=edit
INFO: [ app_begin ] --START--
INFO: Run Behavior\ReadHtmlCacheBehavior [ RunTime:0.000000s ]
INFO: [ app_begin ] --END-- [ RunTime:0.001000s ]
SQL: SHOW COLUMNS FROM `cms_ads_plate` [ RunTime:0.0060s ]
SQL: SELECT * FROM `cms_ads_plate` WHERE `id` = 2 LIMIT 1   [ RunTime:0.0000s ]

[ 2017-03-17T15:40:30+08:00 ] 127.0.0.1 /Admin/Ads/addPlate.html?id=2&type=edit
INFO: [ app_begin ] --START--
INFO: Run Behavior\ReadHtmlCacheBehavior [ RunTime:0.001000s ]
INFO: [ app_begin ] --END-- [ RunTime:0.002000s ]
SQL: SHOW COLUMNS FROM `cms_ads_plate` [ RunTime:0.0060s ]
SQL: SELECT * FROM `cms_ads_plate` WHERE `id` = 2 LIMIT 1   [ RunTime:0.0010s ]

[ 2017-03-17T15:41:01+08:00 ] 127.0.0.1 /Admin/Ads/addPlate.html?id=1&type=edit
INFO: [ app_begin ] --START--
INFO: Run Behavior\ReadHtmlCacheBehavior [ RunTime:0.001000s ]
INFO: [ app_begin ] --END-- [ RunTime:0.003000s ]
SQL: SHOW COLUMNS FROM `cms_ads_plate` [ RunTime:0.0070s ]
SQL: SELECT * FROM `cms_ads_plate` WHERE `id` = 1 LIMIT 1   [ RunTime:0.0010s ]

[ 2017-03-17T15:41:22+08:00 ] 127.0.0.1 /Admin/Ads/addPlate.html?id=2&type=edit
INFO: [ app_begin ] --START--
INFO: Run Behavior\ReadHtmlCacheBehavior [ RunTime:0.001000s ]
INFO: [ app_begin ] --END-- [ RunTime:0.002000s ]
SQL: SHOW COLUMNS FROM `cms_ads_plate` [ RunTime:0.0070s ]
SQL: SELECT * FROM `cms_ads_plate` WHERE `id` = 2 LIMIT 1   [ RunTime:0.0010s ]

[ 2017-03-17T15:42:14+08:00 ] 127.0.0.1 /Admin/Ads/addPlate.html?id=2&type=edit
INFO: [ app_begin ] --START--
INFO: Run Behavior\ReadHtmlCacheBehavior [ RunTime:0.001000s ]
INFO: [ app_begin ] --END-- [ RunTime:0.002000s ]
SQL: SHOW COLUMNS FROM `cms_ads_plate` [ RunTime:0.0080s ]
SQL: SELECT * FROM `cms_ads_plate` WHERE `id` = 2 LIMIT 1   [ RunTime:0.0000s ]

[ 2017-03-17T15:42:27+08:00 ] 127.0.0.1 /Admin/Ads/addPlate.html?id=2&type=edit
INFO: [ app_begin ] --START--
INFO: Run Behavior\ReadHtmlCacheBehavior [ RunTime:0.001000s ]
INFO: [ app_begin ] --END-- [ RunTime:0.002000s ]
SQL: SHOW COLUMNS FROM `cms_ads_plate` [ RunTime:0.0090s ]
SQL: SELECT * FROM `cms_ads_plate` WHERE `id` = 2 LIMIT 1   [ RunTime:0.0000s ]

[ 2017-03-17T15:42:42+08:00 ] 127.0.0.1 /Admin/Ads/addPlate.html?id=2&type=edit
INFO: [ app_begin ] --START--
INFO: Run Behavior\ReadHtmlCacheBehavior [ RunTime:0.001000s ]
INFO: [ app_begin ] --END-- [ RunTime:0.002000s ]
SQL: SHOW COLUMNS FROM `cms_ads_plate` [ RunTime:0.0080s ]
SQL: SELECT * FROM `cms_ads_plate` WHERE `id` = 2 LIMIT 1   [ RunTime:0.0000s ]

[ 2017-03-17T15:42:56+08:00 ] 127.0.0.1 /Admin/Ads/addPlate.html?id=2&type=edit
INFO: [ app_begin ] --START--
INFO: Run Behavior\ReadHtmlCacheBehavior [ RunTime:0.001000s ]
INFO: [ app_begin ] --END-- [ RunTime:0.001000s ]
SQL: SHOW COLUMNS FROM `cms_ads_plate` [ RunTime:0.0090s ]
SQL: SELECT * FROM `cms_ads_plate` WHERE `id` = 2 LIMIT 1   [ RunTime:0.0010s ]

[ 2017-03-17T15:43:16+08:00 ] 127.0.0.1 /Admin/Ads/addPlate.html?id=2&type=edit
INFO: [ app_begin ] --START--
INFO: Run Behavior\ReadHtmlCacheBehavior [ RunTime:0.001000s ]
INFO: [ app_begin ] --END-- [ RunTime:0.002000s ]
SQL: SHOW COLUMNS FROM `cms_ads_plate` [ RunTime:0.0090s ]
SQL: SELECT * FROM `cms_ads_plate` WHERE `id` = 2 LIMIT 1   [ RunTime:0.0010s ]

[ 2017-03-17T15:45:32+08:00 ] 127.0.0.1 /Admin/Ads/addPlate.html?id=2&type=edit
INFO: [ app_begin ] --START--
INFO: Run Behavior\ReadHtmlCacheBehavior [ RunTime:0.001000s ]
INFO: [ app_begin ] --END-- [ RunTime:0.001000s ]
SQL: SHOW COLUMNS FROM `cms_ads_plate` [ RunTime:0.0080s ]
SQL: SELECT * FROM `cms_ads_plate` WHERE `id` = 2 LIMIT 1   [ RunTime:0.0010s ]

[ 2017-03-17T15:45:57+08:00 ] 127.0.0.1 /Admin/Ads/addPlate.html?id=2&type=edit
INFO: [ app_begin ] --START--
INFO: Run Behavior\ReadHtmlCacheBehavior [ RunTime:0.001000s ]
INFO: [ app_begin ] --END-- [ RunTime:0.002000s ]
SQL: SHOW COLUMNS FROM `cms_ads_plate` [ RunTime:0.0080s ]
SQL: SELECT * FROM `cms_ads_plate` WHERE `id` = 2 LIMIT 1   [ RunTime:0.0020s ]

[ 2017-03-17T15:46:43+08:00 ] 127.0.0.1 /Admin/Ads/addPlate.html?id=2&type=edit
INFO: [ app_begin ] --START--
INFO: Run Behavior\ReadHtmlCacheBehavior [ RunTime:0.001000s ]
INFO: [ app_begin ] --END-- [ RunTime:0.001000s ]
SQL: SHOW COLUMNS FROM `cms_ads_plate` [ RunTime:0.0090s ]
SQL: SELECT * FROM `cms_ads_plate` WHERE `id` = 2 LIMIT 1   [ RunTime:0.0000s ]

[ 2017-03-17T15:46:54+08:00 ] 127.0.0.1 /Admin/Ads/addPlate.html?id=1&type=edit
INFO: [ app_begin ] --START--
INFO: Run Behavior\ReadHtmlCacheBehavior [ RunTime:0.001000s ]
INFO: [ app_begin ] --END-- [ RunTime:0.002000s ]
SQL: SHOW COLUMNS FROM `cms_ads_plate` [ RunTime:0.0060s ]
SQL: SELECT * FROM `cms_ads_plate` WHERE `id` = 1 LIMIT 1   [ RunTime:0.0010s ]

[ 2017-03-17T15:46:55+08:00 ] 127.0.0.1 /Admin/Ads/addPlate.html?id=1&type=edit
INFO: [ app_begin ] --START--
INFO: Run Behavior\ReadHtmlCacheBehavior [ RunTime:0.001000s ]
INFO: [ app_begin ] --END-- [ RunTime:0.002000s ]
SQL: SHOW COLUMNS FROM `cms_ads_plate` [ RunTime:0.0070s ]
SQL: SELECT * FROM `cms_ads_plate` WHERE `id` = 1 LIMIT 1   [ RunTime:0.0010s ]

[ 2017-03-17T15:46:56+08:00 ] 127.0.0.1 /Admin/Ads/addPlate.html?id=1&type=edit
INFO: [ app_begin ] --START--
INFO: Run Behavior\ReadHtmlCacheBehavior [ RunTime:0.001001s ]
INFO: [ app_begin ] --END-- [ RunTime:0.001001s ]
SQL: SHOW COLUMNS FROM `cms_ads_plate` [ RunTime:0.0070s ]
SQL: SELECT * FROM `cms_ads_plate` WHERE `id` = 1 LIMIT 1   [ RunTime:0.0000s ]

[ 2017-03-17T15:46:57+08:00 ] 127.0.0.1 /Admin/Ads/addPlate.html?id=1&type=edit
INFO: [ app_begin ] --START--
INFO: Run Behavior\ReadHtmlCacheBehavior [ RunTime:0.001000s ]
INFO: [ app_begin ] --END-- [ RunTime:0.001000s ]
SQL: SHOW COLUMNS FROM `cms_ads_plate` [ RunTime:0.0080s ]
SQL: SELECT * FROM `cms_ads_plate` WHERE `id` = 1 LIMIT 1   [ RunTime:0.0000s ]

[ 2017-03-17T15:46:58+08:00 ] 127.0.0.1 /Admin/Ads/addPlate.html?id=1&type=edit
INFO: [ app_begin ] --START--
INFO: Run Behavior\ReadHtmlCacheBehavior [ RunTime:0.000000s ]
INFO: [ app_begin ] --END-- [ RunTime:0.001000s ]
SQL: SHOW COLUMNS FROM `cms_ads_plate` [ RunTime:0.0090s ]
SQL: SELECT * FROM `cms_ads_plate` WHERE `id` = 1 LIMIT 1   [ RunTime:0.0010s ]

[ 2017-03-17T15:46:59+08:00 ] 127.0.0.1 /Admin/Ads/addPlate.html?id=1&type=edit
INFO: [ app_begin ] --START--
INFO: Run Behavior\ReadHtmlCacheBehavior [ RunTime:0.001000s ]
INFO: [ app_begin ] --END-- [ RunTime:0.001000s ]
SQL: SHOW COLUMNS FROM `cms_ads_plate` [ RunTime:0.0070s ]
SQL: SELECT * FROM `cms_ads_plate` WHERE `id` = 1 LIMIT 1   [ RunTime:0.0010s ]

[ 2017-03-17T15:47:00+08:00 ] 127.0.0.1 /Admin/Ads/addPlate.html?id=1&type=edit
INFO: [ app_begin ] --START--
INFO: Run Behavior\ReadHtmlCacheBehavior [ RunTime:0.001000s ]
INFO: [ app_begin ] --END-- [ RunTime:0.001000s ]
SQL: SHOW COLUMNS FROM `cms_ads_plate` [ RunTime:0.0080s ]
SQL: SELECT * FROM `cms_ads_plate` WHERE `id` = 1 LIMIT 1   [ RunTime:0.0000s ]

[ 2017-03-17T15:47:01+08:00 ] 127.0.0.1 /Admin/Ads/addPlate.html?id=1&type=edit
INFO: [ app_begin ] --START--
INFO: Run Behavior\ReadHtmlCacheBehavior [ RunTime:0.000000s ]
INFO: [ app_begin ] --END-- [ RunTime:0.001000s ]
SQL: SHOW COLUMNS FROM `cms_ads_plate` [ RunTime:0.0060s ]
SQL: SELECT * FROM `cms_ads_plate` WHERE `id` = 1 LIMIT 1   [ RunTime:0.0000s ]

[ 2017-03-17T15:47:02+08:00 ] 127.0.0.1 /Admin/Ads/addPlate.html?id=1&type=edit
INFO: [ app_begin ] --START--
INFO: Run Behavior\ReadHtmlCacheBehavior [ RunTime:0.001001s ]
INFO: [ app_begin ] --END-- [ RunTime:0.001001s ]
SQL: SHOW COLUMNS FROM `cms_ads_plate` [ RunTime:0.0070s ]
SQL: SELECT * FROM `cms_ads_plate` WHERE `id` = 1 LIMIT 1   [ RunTime:0.0000s ]

[ 2017-03-17T15:47:16+08:00 ] 127.0.0.1 /Admin/Ads/addPlate.html?id=2&type=edit
INFO: [ app_begin ] --START--
INFO: Run Behavior\ReadHtmlCacheBehavior [ RunTime:0.001000s ]
INFO: [ app_begin ] --END-- [ RunTime:0.001000s ]
SQL: SHOW COLUMNS FROM `cms_ads_plate` [ RunTime:0.0070s ]
SQL: SELECT * FROM `cms_ads_plate` WHERE `id` = 2 LIMIT 1   [ RunTime:0.0010s ]

[ 2017-03-17T15:47:52+08:00 ] 127.0.0.1 /Admin/Ads/addPlate.html?id=1&type=edit
INFO: [ app_begin ] --START--
INFO: Run Behavior\ReadHtmlCacheBehavior [ RunTime:0.001000s ]
INFO: [ app_begin ] --END-- [ RunTime:0.001000s ]
SQL: SHOW COLUMNS FROM `cms_ads_plate` [ RunTime:0.0070s ]
SQL: SELECT * FROM `cms_ads_plate` WHERE `id` = 1 LIMIT 1   [ RunTime:0.0010s ]

[ 2017-03-17T16:31:28+08:00 ] 127.0.0.1 /Admin/Ads/editPlate.html
INFO: [ app_begin ] --START--
INFO: Run Behavior\ReadHtmlCacheBehavior [ RunTime:0.001000s ]
INFO: [ app_begin ] --END-- [ RunTime:0.001000s ]

[ 2017-03-17T16:31:40+08:00 ] 127.0.0.1 /Admin/Ads/editPlate.html
INFO: [ app_begin ] --START--
INFO: Run Behavior\ReadHtmlCacheBehavior [ RunTime:0.001000s ]
INFO: [ app_begin ] --END-- [ RunTime:0.002000s ]

[ 2017-03-17T16:32:13+08:00 ] 127.0.0.1 /Admin/Ads/editPlate.html
INFO: [ app_begin ] --START--
INFO: Run Behavior\ReadHtmlCacheBehavior [ RunTime:0.001000s ]
INFO: [ app_begin ] --END-- [ RunTime:0.001000s ]

[ 2017-03-17T16:32:32+08:00 ] 127.0.0.1 /Admin/Ads/editPlate.html
INFO: [ app_begin ] --START--
INFO: Run Behavior\ReadHtmlCacheBehavior [ RunTime:0.001000s ]
INFO: [ app_begin ] --END-- [ RunTime:0.001000s ]
SQL: SHOW COLUMNS FROM `cms_ads_plate` [ RunTime:0.0060s ]
SQL: UPDATE `cms_ads_plate` SET `name`='1112222',`desc`='222' WHERE `id` = 1 [ RunTime:0.0380s ]

[ 2017-03-17T16:35:23+08:00 ] 127.0.0.1 /Admin/Ads/editPlate.html
INFO: [ app_begin ] --START--
INFO: Run Behavior\ReadHtmlCacheBehavior [ RunTime:0.001000s ]
INFO: [ app_begin ] --END-- [ RunTime:0.002000s ]
SQL: SHOW COLUMNS FROM `cms_ads_plate` [ RunTime:0.0090s ]
SQL: UPDATE `cms_ads_plate` SET `name`='111222211',`desc`='222222' WHERE `id` = 1 [ RunTime:0.0010s ]

[ 2017-03-17T16:36:45+08:00 ] 127.0.0.1 /Admin/Ads/editPlate.html
INFO: [ app_begin ] --START--
INFO: Run Behavior\ReadHtmlCacheBehavior [ RunTime:0.000000s ]
INFO: [ app_begin ] --END-- [ RunTime:0.001000s ]
SQL: SHOW COLUMNS FROM `cms_ads_plate` [ RunTime:0.0070s ]
SQL: UPDATE `cms_ads_plate` SET `name`='1212',`desc`='222222' WHERE `id` = 1 [ RunTime:0.0010s ]

[ 2017-03-17T16:42:57+08:00 ] 127.0.0.1 /Admin/Ads/editPlate.html
INFO: [ app_begin ] --START--
INFO: Run Behavior\ReadHtmlCacheBehavior [ RunTime:0.001000s ]
INFO: [ app_begin ] --END-- [ RunTime:0.001000s ]
SQL: SHOW COLUMNS FROM `cms_ads_plate` [ RunTime:0.0060s ]
SQL: UPDATE `cms_ads_plate` SET `name`='1212',`desc`='222222阿斯达' WHERE `id` = 1 [ RunTime:0.0000s ]

[ 2017-03-17T16:48:42+08:00 ] 127.0.0.1 /Admin/Ads/editPlate.html
INFO: [ app_begin ] --START--
INFO: Run Behavior\ReadHtmlCacheBehavior [ RunTime:0.001000s ]
INFO: [ app_begin ] --END-- [ RunTime:0.002000s ]
SQL: SHOW COLUMNS FROM `cms_ads_plate` [ RunTime:0.0070s ]
SQL: UPDATE `cms_ads_plate` SET `name`='121222',`desc`='222222阿斯达' WHERE `id` = 1 [ RunTime:0.0000s ]

[ 2017-03-17T16:49:12+08:00 ] 127.0.0.1 /Admin/Ads/editPlate.html
INFO: [ app_begin ] --START--
INFO: Run Behavior\ReadHtmlCacheBehavior [ RunTime:0.001000s ]
INFO: [ app_begin ] --END-- [ RunTime:0.002000s ]
SQL: SHOW COLUMNS FROM `cms_ads_plate` [ RunTime:0.0070s ]
SQL: UPDATE `cms_ads_plate` SET `name`='121222阿斯达斯的',`desc`='222222阿斯达' WHERE `id` = 1 [ RunTime:0.0010s ]

[ 2017-03-17T16:49:35+08:00 ] 127.0.0.1 /Admin/Ads/editPlate.html
INFO: [ app_begin ] --START--
INFO: Run Behavior\ReadHtmlCacheBehavior [ RunTime:0.001000s ]
INFO: [ app_begin ] --END-- [ RunTime:0.002000s ]
SQL: SHOW COLUMNS FROM `cms_ads_plate` [ RunTime:0.0070s ]
SQL: UPDATE `cms_ads_plate` SET `name`='121222阿斯达斯的a实打实的',`desc`='222222阿斯达' WHERE `id` = 1 [ RunTime:0.0010s ]

[ 2017-03-17T16:52:11+08:00 ] 127.0.0.1 /Admin/Ads/editPlate.html
INFO: [ app_begin ] --START--
INFO: Run Behavior\ReadHtmlCacheBehavior [ RunTime:0.001000s ]
INFO: [ app_begin ] --END-- [ RunTime:0.001000s ]
SQL: SHOW COLUMNS FROM `cms_ads_plate` [ RunTime:0.0090s ]
SQL: UPDATE `cms_ads_plate` SET `name`='666',`desc`='222222阿斯达' WHERE `id` = 1 [ RunTime:0.0010s ]

[ 2017-03-17T16:55:26+08:00 ] 127.0.0.1 /Admin/Ads/editPlate.html
INFO: [ app_begin ] --START--
INFO: Run Behavior\ReadHtmlCacheBehavior [ RunTime:0.001000s ]
INFO: [ app_begin ] --END-- [ RunTime:0.001000s ]
SQL: SHOW COLUMNS FROM `cms_ads_plate` [ RunTime:0.0070s ]
SQL: UPDATE `cms_ads_plate` SET `name`='首页banner图',`desc`='首页大图' WHERE `id` = 1 [ RunTime:0.0010s ]

[ 2017-03-17T16:58:14+08:00 ] 127.0.0.1 /Admin/Ads/delPlate.html
INFO: [ app_begin ] --START--
INFO: Run Behavior\ReadHtmlCacheBehavior [ RunTime:0.001000s ]
INFO: [ app_begin ] --END-- [ RunTime:0.002000s ]

[ 2017-03-17T16:58:21+08:00 ] 127.0.0.1 /Admin/Ads/delPlate.html
INFO: [ app_begin ] --START--
INFO: Run Behavior\ReadHtmlCacheBehavior [ RunTime:0.001000s ]
INFO: [ app_begin ] --END-- [ RunTime:0.002000s ]

[ 2017-03-17T16:59:46+08:00 ] 127.0.0.1 /Admin/Ads/delPlate.html
INFO: [ app_begin ] --START--
INFO: Run Behavior\ReadHtmlCacheBehavior [ RunTime:0.002000s ]
INFO: [ app_begin ] --END-- [ RunTime:0.003000s ]

[ 2017-03-17T17:00:06+08:00 ] 127.0.0.1 /Admin/Ads/delPlate.html
INFO: [ app_begin ] --START--
INFO: Run Behavior\ReadHtmlCacheBehavior [ RunTime:0.001000s ]
INFO: [ app_begin ] --END-- [ RunTime:0.001000s ]

[ 2017-03-17T17:00:32+08:00 ] 127.0.0.1 /Admin/Ads/delPlate.html
INFO: [ app_begin ] --START--
INFO: Run Behavior\ReadHtmlCacheBehavior [ RunTime:0.001000s ]
INFO: [ app_begin ] --END-- [ RunTime:0.001000s ]
SQL: SHOW COLUMNS FROM `cms_ads_plate` [ RunTime:0.0070s ]
SQL: DELETE FROM `cms_ads_plate` WHERE `id` = 2 [ RunTime:0.0420s ]

[ 2017-03-17T17:01:07+08:00 ] 127.0.0.1 /Admin/Ads/addPlate.html
INFO: [ app_begin ] --START--
INFO: Run Behavior\ReadHtmlCacheBehavior [ RunTime:0.001000s ]
INFO: [ app_begin ] --END-- [ RunTime:0.002000s ]
SQL: SHOW COLUMNS FROM `cms_ads_plate` [ RunTime:0.0070s ]
SQL: INSERT INTO `cms_ads_plate` (`name`,`desc`,`addtime`) VALUES ('11','11','1489741266') [ RunTime:0.0010s ]

[ 2017-03-17T17:04:58+08:00 ] 127.0.0.1 /Admin/Ads/delPlate.html
INFO: [ app_begin ] --START--
INFO: Run Behavior\ReadHtmlCacheBehavior [ RunTime:0.000000s ]
INFO: [ app_begin ] --END-- [ RunTime:0.001000s ]
SQL: SHOW COLUMNS FROM `cms_ads_plate` [ RunTime:0.0070s ]
SQL: DELETE FROM `cms_ads_plate` WHERE `id` = 3 [ RunTime:0.0000s ]

[ 2017-03-17T17:05:27+08:00 ] 127.0.0.1 /Admin/Ads/addPlate.html
INFO: [ app_begin ] --START--
INFO: Run Behavior\ReadHtmlCacheBehavior [ RunTime:0.001000s ]
INFO: [ app_begin ] --END-- [ RunTime:0.001000s ]
SQL: SHOW COLUMNS FROM `cms_ads_plate` [ RunTime:0.0070s ]
SQL: INSERT INTO `cms_ads_plate` (`name`,`desc`,`addtime`) VALUES ('11','11','1489741526') [ RunTime:0.0000s ]

[ 2017-03-17T17:05:34+08:00 ] 127.0.0.1 /Admin/Ads/delPlate.html
INFO: [ app_begin ] --START--
INFO: Run Behavior\ReadHtmlCacheBehavior [ RunTime:0.001000s ]
INFO: [ app_begin ] --END-- [ RunTime:0.002000s ]
SQL: SHOW COLUMNS FROM `cms_ads_plate` [ RunTime:0.0060s ]
SQL: DELETE FROM `cms_ads_plate` WHERE `id` = 4 [ RunTime:0.0000s ]

[ 2017-03-17T17:06:02+08:00 ] 127.0.0.1 /Admin/Ads/addPlate.html
INFO: [ app_begin ] --START--
INFO: Run Behavior\ReadHtmlCacheBehavior [ RunTime:0.001000s ]
INFO: [ app_begin ] --END-- [ RunTime:0.001000s ]
SQL: SHOW COLUMNS FROM `cms_ads_plate` [ RunTime:0.0070s ]
SQL: INSERT INTO `cms_ads_plate` (`name`,`desc`,`addtime`) VALUES ('12','12','1489741561') [ RunTime:0.0000s ]

[ 2017-03-17T17:06:35+08:00 ] 127.0.0.1 /Admin/Ads/delPlate.html
INFO: [ app_begin ] --START--
INFO: Run Behavior\ReadHtmlCacheBehavior [ RunTime:0.000000s ]
INFO: [ app_begin ] --END-- [ RunTime:0.001000s ]
SQL: SHOW COLUMNS FROM `cms_ads_plate` [ RunTime:0.0060s ]
SQL: DELETE FROM `cms_ads_plate` WHERE `id` = 5 [ RunTime:0.0000s ]

[ 2017-03-17T17:06:50+08:00 ] 127.0.0.1 /Admin/Ads/addPlate.html
INFO: [ app_begin ] --START--
INFO: Run Behavior\ReadHtmlCacheBehavior [ RunTime:0.000000s ]
INFO: [ app_begin ] --END-- [ RunTime:0.001000s ]
SQL: SHOW COLUMNS FROM `cms_ads_plate` [ RunTime:0.0070s ]
SQL: INSERT INTO `cms_ads_plate` (`name`,`desc`,`addtime`) VALUES ('12','12','1489741609') [ RunTime:0.0000s ]

[ 2017-03-17T17:07:17+08:00 ] 127.0.0.1 /Admin/Ads/delPlate.html
INFO: [ app_begin ] --START--
INFO: Run Behavior\ReadHtmlCacheBehavior [ RunTime:0.001000s ]
INFO: [ app_begin ] --END-- [ RunTime:0.002000s ]
SQL: SHOW COLUMNS FROM `cms_ads_plate` [ RunTime:0.0070s ]
SQL: DELETE FROM `cms_ads_plate` WHERE `id` = 6 [ RunTime:0.0010s ]

[ 2017-03-17T17:07:21+08:00 ] 127.0.0.1 /Admin/Ads/delPlate.html
INFO: [ app_begin ] --START--
INFO: Run Behavior\ReadHtmlCacheBehavior [ RunTime:0.001001s ]
INFO: [ app_begin ] --END-- [ RunTime:0.003001s ]
SQL: SHOW COLUMNS FROM `cms_ads_plate` [ RunTime:0.0070s ]
SQL: DELETE FROM `cms_ads_plate` WHERE `id` = 6 [ RunTime:0.0010s ]

[ 2017-03-17T17:07:48+08:00 ] 127.0.0.1 /Admin/Article/del.html?id=71
INFO: [ app_begin ] --START--
INFO: Run Behavior\ReadHtmlCacheBehavior [ RunTime:0.000000s ]
INFO: [ app_begin ] --END-- [ RunTime:0.001000s ]
SQL: SHOW COLUMNS FROM `cms_article` [ RunTime:0.0070s ]
SQL: DELETE FROM `cms_article` WHERE `id` = 71 [ RunTime:0.0120s ]

[ 2017-03-17T17:09:45+08:00 ] 127.0.0.1 /Admin/Ads/addPlate.html
INFO: [ app_begin ] --START--
INFO: Run Behavior\ReadHtmlCacheBehavior [ RunTime:0.001000s ]
INFO: [ app_begin ] --END-- [ RunTime:0.001000s ]
SQL: SHOW COLUMNS FROM `cms_ads_plate` [ RunTime:0.0070s ]
SQL: INSERT INTO `cms_ads_plate` (`name`,`desc`,`addtime`) VALUES ('12','12','1489741784') [ RunTime:0.0000s ]

[ 2017-03-17T17:09:51+08:00 ] 127.0.0.1 /Admin/Ads/delPlate.html
INFO: [ app_begin ] --START--
INFO: Run Behavior\ReadHtmlCacheBehavior [ RunTime:0.001000s ]
INFO: [ app_begin ] --END-- [ RunTime:0.001000s ]
SQL: SHOW COLUMNS FROM `cms_ads_plate` [ RunTime:0.0060s ]
SQL: DELETE FROM `cms_ads_plate` WHERE `id` = 7 [ RunTime:0.0000s ]

[ 2017-03-17T17:13:50+08:00 ] 127.0.0.1 /Admin/System/backup.html?action=backup
INFO: [ app_begin ] --START--
INFO: Run Behavior\ReadHtmlCacheBehavior [ RunTime:0.001000s ]
INFO: [ app_begin ] --END-- [ RunTime:0.002000s ]
NOTIC: [2] mkdir(): File exists E:\phpstudy\WWW\thinkphpcms\Application\Admin\Controller\SystemController.class.php 第 54 行.
NOTIC: [8192] mysql_connect(): The mysql extension is deprecated and will be removed in the future: use mysqli or PDO instead E:\phpstudy\WWW\thinkphpcms\ThinkPHP\Library\Org\Db\MySQLReback.class.php 第 20 行.
NOTIC: [8192] Function mysql_list_tables() is deprecated E:\phpstudy\WWW\thinkphpcms\ThinkPHP\Library\Org\Db\MySQLReback.class.php 第 125 行.
NOTIC: [8] Undefined variable: return E:\phpstudy\WWW\thinkphpcms\ThinkPHP\Library\Org\Db\MySQLReback.class.php 第 153 行.

[ 2017-03-17T17:13:58+08:00 ] 127.0.0.1 /Admin/System/backup.html?action=Del&file=thinkphpcms_20170310113407_507733052.sql
INFO: [ app_begin ] --START--
INFO: Run Behavior\ReadHtmlCacheBehavior [ RunTime:0.001000s ]
INFO: [ app_begin ] --END-- [ RunTime:0.002000s ]
NOTIC: [2] mkdir(): File exists E:\phpstudy\WWW\thinkphpcms\Application\Admin\Controller\SystemController.class.php 第 54 行.
NOTIC: [8192] mysql_connect(): The mysql extension is deprecated and will be removed in the future: use mysqli or PDO instead E:\phpstudy\WWW\thinkphpcms\ThinkPHP\Library\Org\Db\MySQLReback.class.php 第 20 行.

[ 2017-03-17T17:14:03+08:00 ] 127.0.0.1 /Admin/System/backup.html?action=Del&file=thinkphpcms_20170310145154_107746202.sql
INFO: [ app_begin ] --START--
INFO: Run Behavior\ReadHtmlCacheBehavior [ RunTime:0.001000s ]
INFO: [ app_begin ] --END-- [ RunTime:0.002000s ]
NOTIC: [2] mkdir(): File exists E:\phpstudy\WWW\thinkphpcms\Application\Admin\Controller\SystemController.class.php 第 54 行.
NOTIC: [8192] mysql_connect(): The mysql extension is deprecated and will be removed in the future: use mysqli or PDO instead E:\phpstudy\WWW\thinkphpcms\ThinkPHP\Library\Org\Db\MySQLReback.class.php 第 20 行.

[ 2017-03-17T17:19:44+08:00 ] 127.0.0.1 /Admin/Ads/addPlate.html
INFO: [ app_begin ] --START--
INFO: Run Behavior\ReadHtmlCacheBehavior [ RunTime:0.001000s ]
INFO: [ app_begin ] --END-- [ RunTime:0.002000s ]
SQL: SHOW COLUMNS FROM `cms_ads_plate` [ RunTime:0.0070s ]
SQL: INSERT INTO `cms_ads_plate` (`name`,`desc`,`addtime`) VALUES ('2323','2323','1489742383') [ RunTime:0.0010s ]

[ 2017-03-17T17:20:00+08:00 ] 127.0.0.1 /Admin/Ads/delPlate.html
INFO: [ app_begin ] --START--
INFO: Run Behavior\ReadHtmlCacheBehavior [ RunTime:0.000000s ]
INFO: [ app_begin ] --END-- [ RunTime:0.001000s ]
SQL: SHOW COLUMNS FROM `cms_ads_plate` [ RunTime:0.0070s ]
SQL: DELETE FROM `cms_ads_plate` WHERE `id` = 8 [ RunTime:0.0010s ]

[ 2017-03-17T17:20:56+08:00 ] 127.0.0.1 /Admin/Ads/addPlate.html
INFO: [ app_begin ] --START--
INFO: Run Behavior\ReadHtmlCacheBehavior [ RunTime:0.001000s ]
INFO: [ app_begin ] --END-- [ RunTime:0.001000s ]
SQL: SHOW COLUMNS FROM `cms_ads_plate` [ RunTime:0.0070s ]
SQL: INSERT INTO `cms_ads_plate` (`name`,`desc`,`addtime`) VALUES ('asd','asd','1489742455') [ RunTime:0.0010s ]

[ 2017-03-17T17:21:02+08:00 ] 127.0.0.1 /Admin/Ads/delPlate.html
INFO: [ app_begin ] --START--
INFO: Run Behavior\ReadHtmlCacheBehavior [ RunTime:0.001000s ]
INFO: [ app_begin ] --END-- [ RunTime:0.002000s ]
SQL: SHOW COLUMNS FROM `cms_ads_plate` [ RunTime:0.0070s ]
SQL: DELETE FROM `cms_ads_plate` WHERE `id` = 9 [ RunTime:0.0150s ]

