[ 2017-03-10T14:13:45+08:00 ] 127.0.0.1 /index.php?m=Admin&c=Login&a=index
INFO: [ app_begin ] --START--
INFO: Run Behavior\ReadHtmlCacheBehavior [ RunTime:0.001000s ]
INFO: [ app_begin ] --END-- [ RunTime:0.001000s ]
NOTIC: [2048] Declaration of Admin\Model\AdminModel::check() should be compatible with Think\Model::check($value, $rule, $type = 'regex') E:\phpstudy\WWW\thinkphpcms\Application\Admin\Model\AdminModel.class.php 第 5 行.
SQL: SHOW COLUMNS FROM `cms_admin` [ RunTime:0.1160s ]
NOTIC: [8] Use of undefined constant md5 - assumed 'md5' E:\phpstudy\WWW\thinkphpcms\Application\Admin\Model\AdminModel.class.php 第 20 行.
SQL: SELECT * FROM `cms_admin` WHERE `username` = 'admin' AND `password` = '21232f297a57a5a743894a0e4a801fc3' LIMIT 1   [ RunTime:0.0090s ]
SQL: UPDATE `cms_admin` SET `username`='admin',`password`='21232f297a57a5a743894a0e4a801fc3',`email`=NULL,`lastlogintime`='1489126425',`lastloginip`='127.0.0.1',`status`='1' WHERE `id` = 1 [ RunTime:0.0330s ]

[ 2017-03-10T14:40:56+08:00 ] 127.0.0.1 /index.php?m=Admin&c=System&a=backup&action=RL&file=thinkphpcms_20170310113407_507733052.sql
INFO: [ app_begin ] --START--
INFO: Run Behavior\ReadHtmlCacheBehavior [ RunTime:0.001000s ]
INFO: [ app_begin ] --END-- [ RunTime:0.002000s ]
NOTIC: [2] mkdir(): File exists E:\phpstudy\WWW\thinkphpcms\Application\Admin\Controller\SystemController.class.php 第 53 行.
NOTIC: [8192] mysql_connect(): The mysql extension is deprecated and will be removed in the future: use mysqli or PDO instead E:\phpstudy\WWW\thinkphpcms\ThinkPHP\Library\Org\Db\MySQLReback.class.php 第 20 行.

[ 2017-03-10T14:41:10+08:00 ] 127.0.0.1 /index.php?m=Admin&c=System&a=backup&action=Del&file=thinkphpcms_20170310143436_321973552.sql
INFO: [ app_begin ] --START--
INFO: Run Behavior\ReadHtmlCacheBehavior [ RunTime:0.001000s ]
INFO: [ app_begin ] --END-- [ RunTime:0.002000s ]
NOTIC: [2] mkdir(): File exists E:\phpstudy\WWW\thinkphpcms\Application\Admin\Controller\SystemController.class.php 第 53 行.
NOTIC: [8192] mysql_connect(): The mysql extension is deprecated and will be removed in the future: use mysqli or PDO instead E:\phpstudy\WWW\thinkphpcms\ThinkPHP\Library\Org\Db\MySQLReback.class.php 第 20 行.

[ 2017-03-10T14:50:40+08:00 ] 127.0.0.1 /index.php?m=Admin&c=System&a=backup&action=backup
INFO: [ app_begin ] --START--
INFO: Run Behavior\ReadHtmlCacheBehavior [ RunTime:0.000000s ]
INFO: [ app_begin ] --END-- [ RunTime:0.001000s ]
NOTIC: [2] mkdir(): File exists E:\phpstudy\WWW\thinkphpcms\Application\Admin\Controller\SystemController.class.php 第 53 行.
NOTIC: [8192] mysql_connect(): The mysql extension is deprecated and will be removed in the future: use mysqli or PDO instead E:\phpstudy\WWW\thinkphpcms\ThinkPHP\Library\Org\Db\MySQLReback.class.php 第 20 行.
NOTIC: [8192] Function mysql_list_tables() is deprecated E:\phpstudy\WWW\thinkphpcms\ThinkPHP\Library\Org\Db\MySQLReback.class.php 第 125 行.

[ 2017-03-10T14:50:55+08:00 ] 127.0.0.1 /index.php?m=Admin&c=System&a=backup&action=Del&file=thinkphpcms_20170310145040_976048080.sql
INFO: [ app_begin ] --START--
INFO: Run Behavior\ReadHtmlCacheBehavior [ RunTime:0.000000s ]
INFO: [ app_begin ] --END-- [ RunTime:0.002000s ]
NOTIC: [2] mkdir(): File exists E:\phpstudy\WWW\thinkphpcms\Application\Admin\Controller\SystemController.class.php 第 53 行.
NOTIC: [8192] mysql_connect(): The mysql extension is deprecated and will be removed in the future: use mysqli or PDO instead E:\phpstudy\WWW\thinkphpcms\ThinkPHP\Library\Org\Db\MySQLReback.class.php 第 20 行.

[ 2017-03-10T14:51:50+08:00 ] 127.0.0.1 /index.php?m=Admin&c=System&a=backup&action=Del&file=thinkphpcms_20170310144738_791789769.sql
INFO: [ app_begin ] --START--
INFO: Run Behavior\ReadHtmlCacheBehavior [ RunTime:0.001000s ]
INFO: [ app_begin ] --END-- [ RunTime:0.001000s ]
NOTIC: [2] mkdir(): File exists E:\phpstudy\WWW\thinkphpcms\Application\Admin\Controller\SystemController.class.php 第 53 行.
NOTIC: [8192] mysql_connect(): The mysql extension is deprecated and will be removed in the future: use mysqli or PDO instead E:\phpstudy\WWW\thinkphpcms\ThinkPHP\Library\Org\Db\MySQLReback.class.php 第 20 行.

[ 2017-03-10T14:51:54+08:00 ] 127.0.0.1 /index.php?m=Admin&c=System&a=backup&action=backup
INFO: [ app_begin ] --START--
INFO: Run Behavior\ReadHtmlCacheBehavior [ RunTime:0.000000s ]
INFO: [ app_begin ] --END-- [ RunTime:0.001000s ]
NOTIC: [2] mkdir(): File exists E:\phpstudy\WWW\thinkphpcms\Application\Admin\Controller\SystemController.class.php 第 53 行.
NOTIC: [8192] mysql_connect(): The mysql extension is deprecated and will be removed in the future: use mysqli or PDO instead E:\phpstudy\WWW\thinkphpcms\ThinkPHP\Library\Org\Db\MySQLReback.class.php 第 20 行.
NOTIC: [8192] Function mysql_list_tables() is deprecated E:\phpstudy\WWW\thinkphpcms\ThinkPHP\Library\Org\Db\MySQLReback.class.php 第 125 行.

[ 2017-03-10T15:08:01+08:00 ] 127.0.0.1 /index.php?m=Admin&c=Login&a=index
INFO: [ app_begin ] --START--
INFO: Run Behavior\ReadHtmlCacheBehavior [ RunTime:0.010001s ]
INFO: [ app_begin ] --END-- [ RunTime:0.011001s ]
NOTIC: [2048] Declaration of Admin\Model\AdminModel::check() should be compatible with Think\Model::check($value, $rule, $type = 'regex') E:\phpstudy\WWW\thinkphpcms\Application\Admin\Model\AdminModel.class.php 第 5 行.
SQL: SHOW COLUMNS FROM `cms_admin` [ RunTime:0.0060s ]
NOTIC: [8] Use of undefined constant md5 - assumed 'md5' E:\phpstudy\WWW\thinkphpcms\Application\Admin\Model\AdminModel.class.php 第 20 行.
SQL: SELECT * FROM `cms_admin` WHERE `username` = 'admin' AND `password` = '21232f297a57a5a743894a0e4a801fc3' LIMIT 1   [ RunTime:0.0000s ]
SQL: UPDATE `cms_admin` SET `username`='admin',`password`='21232f297a57a5a743894a0e4a801fc3',`email`='',`lastlogintime`='1489129681',`lastloginip`='127.0.0.1',`status`='1' WHERE `id` = 1 [ RunTime:0.0000s ]

[ 2017-03-10T17:10:30+08:00 ] 127.0.0.1 /index.php?m=Admin&c=Category&a=updateStatus&id=2&status=2
INFO: [ app_begin ] --START--
INFO: Run Behavior\ReadHtmlCacheBehavior [ RunTime:0.001000s ]
INFO: [ app_begin ] --END-- [ RunTime:0.001000s ]
SQL: SHOW COLUMNS FROM `cms_category` [ RunTime:0.0160s ]
SQL: UPDATE `cms_category` SET `status`='2' WHERE `id` = 2 [ RunTime:0.1780s ]

[ 2017-03-10T17:10:34+08:00 ] 127.0.0.1 /index.php?m=Admin&c=Category&a=updateStatus&id=2&status=1
INFO: [ app_begin ] --START--
INFO: Run Behavior\ReadHtmlCacheBehavior [ RunTime:0.000000s ]
INFO: [ app_begin ] --END-- [ RunTime:0.001000s ]
SQL: SHOW COLUMNS FROM `cms_category` [ RunTime:0.0060s ]
SQL: UPDATE `cms_category` SET `status`='1' WHERE `id` = 2 [ RunTime:0.0000s ]

[ 2017-03-10T17:10:53+08:00 ] 127.0.0.1 /index.php?m=Admin&c=Article&a=upload
INFO: [ app_begin ] --START--
INFO: Run Behavior\ReadHtmlCacheBehavior [ RunTime:0.001000s ]
INFO: [ app_begin ] --END-- [ RunTime:0.001000s ]
NOTIC: [2] call_user_func() expects parameter 1 to be a valid callback, no array or string given E:\phpstudy\WWW\thinkphpcms\ThinkPHP\Library\Think\Upload.class.php 第 170 行.

[ 2017-03-10T17:14:23+08:00 ] 127.0.0.1 /index.php?m=Admin&c=Category&a=del&id=53
INFO: [ app_begin ] --START--
INFO: Run Behavior\ReadHtmlCacheBehavior [ RunTime:0.001000s ]
INFO: [ app_begin ] --END-- [ RunTime:0.002000s ]
SQL: SHOW COLUMNS FROM `cms_category` [ RunTime:0.0070s ]
SQL: SELECT `id`,`pid` FROM `cms_category`  [ RunTime:0.0000s ]
SQL: DELETE FROM `cms_category` WHERE `id` = 54 [ RunTime:0.0000s ]
SQL: DELETE FROM `cms_category` WHERE `id` = 53 [ RunTime:0.0000s ]

