[ 2017-03-14T21:35:54+08:00 ] 127.0.0.1 /Admin/Login/index.html
INFO: [ app_begin ] --START--
INFO: Run Behavior\ReadHtmlCacheBehavior [ RunTime:0.000000s ]
INFO: [ app_begin ] --END-- [ RunTime:0.000000s ]
NOTIC: [2048] Declaration of Admin\Model\AdminModel::check() should be compatible with Think\Model::check($value, $rule, $type = 'regex') D:\phpStudy\WWW\thinkphpcms\Application\Admin\Model\AdminModel.class.php 第 5 行.
SQL: SHOW COLUMNS FROM `cms_admin` [ RunTime:0.0624s ]
NOTIC: [8] Use of undefined constant md5 - assumed 'md5' D:\phpStudy\WWW\thinkphpcms\Application\Admin\Model\AdminModel.class.php 第 20 行.
SQL: SELECT * FROM `cms_admin` WHERE `username` = 'admin' AND `password` = '21232f297a57a5a743894a0e4a801fc3' LIMIT 1   [ RunTime:0.0000s ]

[ 2017-03-14T21:36:02+08:00 ] 127.0.0.1 /Admin/Login/index.html
INFO: [ app_begin ] --START--
INFO: Run Behavior\ReadHtmlCacheBehavior [ RunTime:0.000000s ]
INFO: [ app_begin ] --END-- [ RunTime:0.000000s ]
NOTIC: [2048] Declaration of Admin\Model\AdminModel::check() should be compatible with Think\Model::check($value, $rule, $type = 'regex') D:\phpStudy\WWW\thinkphpcms\Application\Admin\Model\AdminModel.class.php 第 5 行.
SQL: SHOW COLUMNS FROM `cms_admin` [ RunTime:0.0156s ]
NOTIC: [8] Use of undefined constant md5 - assumed 'md5' D:\phpStudy\WWW\thinkphpcms\Application\Admin\Model\AdminModel.class.php 第 20 行.
SQL: SELECT * FROM `cms_admin` WHERE `username` = 'admin' AND `password` = 'e00cf25ad42683b3df678c61f42c6bda' LIMIT 1   [ RunTime:0.0000s ]
SQL: UPDATE `cms_admin` SET `username`='admin',`password`='e00cf25ad42683b3df678c61f42c6bda',`email`='',`lastlogintime`='1489498562',`lastloginip`='127.0.0.1',`status`='1' WHERE `id` = 1 [ RunTime:0.0000s ]

[ 2017-03-14T21:36:51+08:00 ] 127.0.0.1 /Admin/Category/edit.html
INFO: [ app_begin ] --START--
INFO: Run Behavior\ReadHtmlCacheBehavior [ RunTime:0.002001s ]
INFO: [ app_begin ] --END-- [ RunTime:0.004001s ]
SQL: SHOW COLUMNS FROM `cms_category` [ RunTime:0.0090s ]
SQL: UPDATE `cms_category` SET `pid`='0',`catname`='关于我们',`thumb`='/Uploads/2017-03-11/58c3b4f43986f.jpg',`content`='asdasd',`url`='',`status`='1',`summary`='',`alias`='About Us' WHERE `id` = 55 [ RunTime:0.0010s ]

[ 2017-03-14T21:43:46+08:00 ] 127.0.0.1 /Admin/Category/edit.html
INFO: [ app_begin ] --START--
INFO: Run Behavior\ReadHtmlCacheBehavior [ RunTime:0.001000s ]
INFO: [ app_begin ] --END-- [ RunTime:0.002000s ]
SQL: SHOW COLUMNS FROM `cms_category` [ RunTime:0.0110s ]
SQL: UPDATE `cms_category` SET `pid`='0',`catname`='关于我们',`thumb`='/Uploads/2017-03-11/58c3b4f43986f.jpg',`content`='&lt;h2&gt;启航创客&lt;/h2&gt;&lt;p&gt;深圳市启航创客科技有限公司是一家领先的青少年创客教育服务商，为中小学学校提供创客空间设计搭建、创客课程、创客师资培训、创客电子物料等专业服务。&lt;/p&gt;&lt;p&gt;&lt;img src=&quot;/Uploads/2017-03-14/58c7f38e790c9.jpg&quot; alt=&quot;58c7f38e790c9.jpg&quot;&gt;&lt;br&gt;&lt;/p&gt;',`url`='',`status`='1',`summary`='',`alias`='About Us' WHERE `id` = 55 [ RunTime:0.0010s ]

[ 2017-03-14T22:42:38+08:00 ] 127.0.0.1 /Admin/Category/edit.html
INFO: [ app_begin ] --START--
INFO: Run Behavior\ReadHtmlCacheBehavior [ RunTime:0.001000s ]
INFO: [ app_begin ] --END-- [ RunTime:0.001000s ]
SQL: SHOW COLUMNS FROM `cms_category` [ RunTime:0.0110s ]
SQL: UPDATE `cms_category` SET `pid`='71',`catname`='小学1111',`thumb`='/Uploads/2017-03-13/58c63b1ba2967.png',`content`='',`url`='',`status`='1',`summary`='发明制作一个有趣的玩具，感受造物乐趣，培养探究精神及动手实践的兴趣和能力学会简单编程，学习定格动画制作等。',`alias`='小学' WHERE `id` = 76 [ RunTime:0.0020s ]

